{"C:\\Users\\misha\\Documents\\GitHub\\telegram_wish_mini_app_2\\telegram_wish_mini_app\\frontend\\src\\lib\\components\\screens\\MainScreen.svelte": {"path":"C:\\Users\\misha\\Documents\\GitHub\\telegram_wish_mini_app_2\\telegram_wish_mini_app\\frontend\\src\\lib\\components\\screens\\MainScreen.svelte","statementMap":{"0":{"start":{"line":4,"column":0},"end":{"line":4,"column":45}},"1":{"start":{"line":24,"column":13},"end":{"line":24,"column":214}},"2":{"start":{"line":25,"column":13},"end":{"line":25,"column":211}},"3":{"start":{"line":26,"column":13},"end":{"line":26,"column":196}},"4":{"start":{"line":27,"column":13},"end":{"line":27,"column":110}},"5":{"start":{"line":28,"column":13},"end":{"line":28,"column":124}},"6":{"start":{"line":30,"column":13},"end":{"line":47,"column":2}},"7":{"start":{"line":49,"column":13},"end":{"line":49,"column":129}},"8":{"start":{"line":50,"column":13},"end":{"line":50,"column":143}},"9":{"start":{"line":51,"column":14},"end":{"line":51,"column":97}},"10":{"start":{"line":52,"column":14},"end":{"line":52,"column":276}},"11":{"start":{"line":53,"column":14},"end":{"line":53,"column":111}},"12":{"start":{"line":54,"column":14},"end":{"line":54,"column":125}},"13":{"start":{"line":55,"column":14},"end":{"line":55,"column":97}},"14":{"start":{"line":56,"column":14},"end":{"line":56,"column":341}},"15":{"start":{"line":57,"column":14},"end":{"line":57,"column":219}},"16":{"start":{"line":58,"column":14},"end":{"line":58,"column":126}},"17":{"start":{"line":59,"column":14},"end":{"line":59,"column":140}},"18":{"start":{"line":61,"column":14},"end":{"line":67,"column":2}},"19":{"start":{"line":69,"column":14},"end":{"line":69,"column":126}},"20":{"start":{"line":71,"column":11},"end":{"line":90,"column":2}},"21":{"start":{"line":92,"column":14},"end":{"line":95,"column":1}},"22":{"start":{"line":98,"column":1},"end":{"line":98,"column":28}},"23":{"start":{"line":99,"column":1},"end":{"line":99,"column":36}},"24":{"start":{"line":100,"column":1},"end":{"line":100,"column":34}},"25":{"start":{"line":102,"column":27},"end":{"line":105,"column":2}},"26":{"start":{"line":103,"column":2},"end":{"line":104,"column":62}},"27":{"start":{"line":107,"column":30},"end":{"line":110,"column":2}},"28":{"start":{"line":108,"column":2},"end":{"line":109,"column":68}},"29":{"start":{"line":112,"column":34},"end":{"line":115,"column":2}},"30":{"start":{"line":113,"column":2},"end":{"line":114,"column":76}},"31":{"start":{"line":117,"column":32},"end":{"line":120,"column":2}},"32":{"start":{"line":118,"column":2},"end":{"line":119,"column":72}},"33":{"start":{"line":122,"column":31},"end":{"line":125,"column":2}},"34":{"start":{"line":123,"column":2},"end":{"line":124,"column":70}},"35":{"start":{"line":127,"column":29},"end":{"line":130,"column":2}},"36":{"start":{"line":128,"column":2},"end":{"line":129,"column":66}},"37":{"start":{"line":132,"column":33},"end":{"line":135,"column":2}},"38":{"start":{"line":133,"column":2},"end":{"line":134,"column":74}},"39":{"start":{"line":137,"column":31},"end":{"line":137,"column":47}},"40":{"start":{"line":138,"column":18},"end":{"line":138,"column":36}},"41":{"start":{"line":139,"column":20},"end":{"line":139,"column":38}},"42":{"start":{"line":140,"column":15},"end":{"line":140,"column":33}},"43":{"start":{"line":141,"column":16},"end":{"line":141,"column":34}},"44":{"start":{"line":142,"column":27},"end":{"line":142,"column":45}},"45":{"start":{"line":150,"column":13},"end":{"line":150,"column":41}},"46":{"start":{"line":152,"column":12},"end":{"line":152,"column":39}},"47":{"start":{"line":153,"column":18},"end":{"line":153,"column":41}},"48":{"start":{"line":154,"column":22},"end":{"line":154,"column":52}},"49":{"start":{"line":154,"column":28},"end":{"line":154,"column":52}},"50":{"start":{"line":155,"column":27},"end":{"line":155,"column":62}},"51":{"start":{"line":155,"column":33},"end":{"line":155,"column":62}},"52":{"start":{"line":156,"column":20},"end":{"line":156,"column":48}},"53":{"start":{"line":156,"column":26},"end":{"line":156,"column":48}},"54":{"start":{"line":157,"column":23},"end":{"line":157,"column":54}},"55":{"start":{"line":157,"column":29},"end":{"line":157,"column":54}},"56":{"start":{"line":158,"column":27},"end":{"line":158,"column":62}},"57":{"start":{"line":158,"column":33},"end":{"line":158,"column":62}},"58":{"start":{"line":159,"column":25},"end":{"line":159,"column":58}},"59":{"start":{"line":159,"column":31},"end":{"line":159,"column":58}},"60":{"start":{"line":160,"column":26},"end":{"line":160,"column":60}},"61":{"start":{"line":160,"column":32},"end":{"line":160,"column":60}},"62":{"start":{"line":161,"column":29},"end":{"line":161,"column":66}},"63":{"start":{"line":161,"column":35},"end":{"line":161,"column":66}},"64":{"start":{"line":162,"column":19},"end":{"line":162,"column":58}},"65":{"start":{"line":163,"column":26},"end":{"line":163,"column":68}},"66":{"start":{"line":165,"column":21},"end":{"line":171,"column":2}},"67":{"start":{"line":166,"column":2},"end":{"line":166,"column":41}},"68":{"start":{"line":166,"column":29},"end":{"line":166,"column":41}},"69":{"start":{"line":168,"column":16},"end":{"line":168,"column":40}},"70":{"start":{"line":170,"column":2},"end":{"line":170,"column":67}},"71":{"start":{"line":170,"column":38},"end":{"line":170,"column":42}},"72":{"start":{"line":186,"column":1},"end":{"line":205,"column":4}},"73":{"start":{"line":187,"column":2},"end":{"line":191,"column":3}},"74":{"start":{"line":188,"column":3},"end":{"line":188,"column":36}},"75":{"start":{"line":190,"column":3},"end":{"line":190,"column":10}},"76":{"start":{"line":193,"column":2},"end":{"line":204,"column":3}},"77":{"start":{"line":194,"column":18},"end":{"line":194,"column":80}},"78":{"start":{"line":196,"column":3},"end":{"line":201,"column":7}},"79":{"start":{"line":203,"column":3},"end":{"line":203,"column":99}},"80":{"start":{"line":207,"column":1},"end":{"line":209,"column":4}},"81":{"start":{"line":207,"column":28},"end":{"line":207,"column":47}},"82":{"start":{"line":208,"column":2},"end":{"line":208,"column":39}},"83":{"start":{"line":211,"column":1},"end":{"line":213,"column":4}},"84":{"start":{"line":211,"column":28},"end":{"line":211,"column":50}},"85":{"start":{"line":212,"column":2},"end":{"line":212,"column":44}},"86":{"start":{"line":215,"column":1},"end":{"line":217,"column":4}},"87":{"start":{"line":215,"column":28},"end":{"line":215,"column":54}},"88":{"start":{"line":216,"column":2},"end":{"line":216,"column":43}},"89":{"start":{"line":219,"column":1},"end":{"line":221,"column":4}},"90":{"start":{"line":219,"column":28},"end":{"line":219,"column":52}},"91":{"start":{"line":220,"column":2},"end":{"line":220,"column":42}},"92":{"start":{"line":223,"column":1},"end":{"line":236,"column":4}},"93":{"start":{"line":223,"column":28},"end":{"line":223,"column":51}},"94":{"start":{"line":224,"column":2},"end":{"line":235,"column":18}},"95":{"start":{"line":226,"column":17},"end":{"line":226,"column":58}},"96":{"start":{"line":228,"column":17},"end":{"line":228,"column":58}},"97":{"start":{"line":230,"column":3},"end":{"line":230,"column":34}},"98":{"start":{"line":230,"column":25},"end":{"line":230,"column":34}},"99":{"start":{"line":231,"column":3},"end":{"line":231,"column":24}},"100":{"start":{"line":231,"column":15},"end":{"line":231,"column":24}},"101":{"start":{"line":232,"column":3},"end":{"line":232,"column":25}},"102":{"start":{"line":232,"column":15},"end":{"line":232,"column":25}},"103":{"start":{"line":234,"column":3},"end":{"line":234,"column":64}},"104":{"start":{"line":238,"column":1},"end":{"line":238,"column":29}},"105":{"start":{"line":240,"column":17},"end":{"line":259,"column":2}},"106":{"start":{"line":243,"column":3},"end":{"line":243,"column":18}},"107":{"start":{"line":247,"column":3},"end":{"line":247,"column":18}},"108":{"start":{"line":248,"column":3},"end":{"line":248,"column":13}},"109":{"start":{"line":252,"column":3},"end":{"line":252,"column":17}},"110":{"start":{"line":256,"column":3},"end":{"line":256,"column":17}},"111":{"start":{"line":257,"column":3},"end":{"line":257,"column":13}},"112":{"start":{"line":261,"column":1},"end":{"line":261,"column":10}},"113":{"start":{"line":263,"column":11},"end":{"line":263,"column":17}},"114":{"start":{"line":264,"column":14},"end":{"line":264,"column":26}},"115":{"start":{"line":265,"column":14},"end":{"line":265,"column":43}},"116":{"start":{"line":267,"column":1},"end":{"line":267,"column":17}},"117":{"start":{"line":269,"column":15},"end":{"line":269,"column":35}},"118":{"start":{"line":270,"column":13},"end":{"line":270,"column":29}},"119":{"start":{"line":271,"column":12},"end":{"line":271,"column":26}},"120":{"start":{"line":274,"column":11},"end":{"line":277,"column":4}},"121":{"start":{"line":275,"column":3},"end":{"line":276,"column":43}},"122":{"start":{"line":276,"column":19},"end":{"line":276,"column":42}},"123":{"start":{"line":279,"column":11},"end":{"line":282,"column":4}},"124":{"start":{"line":280,"column":3},"end":{"line":281,"column":49}},"125":{"start":{"line":281,"column":19},"end":{"line":281,"column":48}},"126":{"start":{"line":284,"column":2},"end":{"line":300,"column":4}},"127":{"start":{"line":285,"column":9},"end":{"line":294,"column":5}},"128":{"start":{"line":288,"column":5},"end":{"line":288,"column":22}},"129":{"start":{"line":292,"column":5},"end":{"line":292,"column":22}},"130":{"start":{"line":303,"column":13},"end":{"line":303,"column":31}},"131":{"start":{"line":304,"column":13},"end":{"line":304,"column":27}},"132":{"start":{"line":305,"column":12},"end":{"line":305,"column":32}},"133":{"start":{"line":307,"column":1},"end":{"line":307,"column":16}},"134":{"start":{"line":309,"column":13},"end":{"line":309,"column":32}},"135":{"start":{"line":310,"column":14},"end":{"line":310,"column":34}},"136":{"start":{"line":312,"column":1},"end":{"line":312,"column":16}},"137":{"start":{"line":314,"column":13},"end":{"line":314,"column":32}},"138":{"start":{"line":315,"column":14},"end":{"line":315,"column":28}},"139":{"start":{"line":317,"column":1},"end":{"line":334,"column":3}},"140":{"start":{"line":318,"column":8},"end":{"line":328,"column":4}},"141":{"start":{"line":322,"column":19},"end":{"line":322,"column":27}},"142":{"start":{"line":324,"column":4},"end":{"line":324,"column":14}},"143":{"start":{"line":325,"column":4},"end":{"line":325,"column":33}},"144":{"start":{"line":336,"column":14},"end":{"line":336,"column":34}},"145":{"start":{"line":338,"column":1},"end":{"line":355,"column":3}},"146":{"start":{"line":339,"column":8},"end":{"line":349,"column":4}},"147":{"start":{"line":343,"column":21},"end":{"line":343,"column":29}},"148":{"start":{"line":345,"column":4},"end":{"line":345,"column":14}},"149":{"start":{"line":346,"column":4},"end":{"line":346,"column":35}},"150":{"start":{"line":357,"column":1},"end":{"line":357,"column":16}},"151":{"start":{"line":358,"column":1},"end":{"line":358,"column":16}},"152":{"start":{"line":359,"column":1},"end":{"line":359,"column":16}},"153":{"start":{"line":361,"column":16},"end":{"line":361,"column":35}},"154":{"start":{"line":362,"column":14},"end":{"line":362,"column":31}},"155":{"start":{"line":364,"column":1},"end":{"line":364,"column":19}},"156":{"start":{"line":365,"column":1},"end":{"line":365,"column":18}},"157":{"start":{"line":367,"column":17},"end":{"line":367,"column":38}},"158":{"start":{"line":368,"column":13},"end":{"line":368,"column":31}},"159":{"start":{"line":369,"column":13},"end":{"line":369,"column":27}},"160":{"start":{"line":370,"column":14},"end":{"line":370,"column":28}},"161":{"start":{"line":372,"column":1},"end":{"line":372,"column":16}},"162":{"start":{"line":374,"column":16},"end":{"line":374,"column":35}},"163":{"start":{"line":376,"column":1},"end":{"line":376,"column":16}},"164":{"start":{"line":378,"column":14},"end":{"line":378,"column":33}},"165":{"start":{"line":381,"column":19},"end":{"line":385,"column":3}},"166":{"start":{"line":382,"column":15},"end":{"line":382,"column":23}},"167":{"start":{"line":384,"column":3},"end":{"line":384,"column":29}},"168":{"start":{"line":387,"column":20},"end":{"line":496,"column":3}},"169":{"start":{"line":388,"column":15},"end":{"line":388,"column":23}},"170":{"start":{"line":390,"column":3},"end":{"line":492,"column":5}},"171":{"start":{"line":391,"column":10},"end":{"line":487,"column":5}},"172":{"start":{"line":395,"column":6},"end":{"line":396,"column":56}},"173":{"start":{"line":396,"column":22},"end":{"line":396,"column":55}},"174":{"start":{"line":400,"column":21},"end":{"line":400,"column":29}},"175":{"start":{"line":401,"column":19},"end":{"line":401,"column":36}},"176":{"start":{"line":402,"column":19},"end":{"line":402,"column":34}},"177":{"start":{"line":405,"column":26},"end":{"line":414,"column":8}},"178":{"start":{"line":406,"column":18},"end":{"line":406,"column":26}},"179":{"start":{"line":408,"column":8},"end":{"line":411,"column":11}},"180":{"start":{"line":409,"column":9},"end":{"line":409,"column":84}},"181":{"start":{"line":409,"column":65},"end":{"line":409,"column":80}},"182":{"start":{"line":410,"column":9},"end":{"line":410,"column":83}},"183":{"start":{"line":410,"column":65},"end":{"line":410,"column":79}},"184":{"start":{"line":413,"column":8},"end":{"line":413,"column":32}},"185":{"start":{"line":416,"column":23},"end":{"line":421,"column":8}},"186":{"start":{"line":417,"column":20},"end":{"line":417,"column":28}},"187":{"start":{"line":419,"column":8},"end":{"line":419,"column":49}},"188":{"start":{"line":420,"column":8},"end":{"line":420,"column":34}},"189":{"start":{"line":423,"column":7},"end":{"line":431,"column":9}},"190":{"start":{"line":424,"column":14},"end":{"line":426,"column":10}},"191":{"start":{"line":425,"column":9},"end":{"line":425,"column":113}},"192":{"start":{"line":425,"column":41},"end":{"line":425,"column":56}},"193":{"start":{"line":425,"column":60},"end":{"line":425,"column":83}},"194":{"start":{"line":425,"column":89},"end":{"line":425,"column":113}},"195":{"start":{"line":434,"column":6},"end":{"line":434,"column":22}},"196":{"start":{"line":436,"column":19},"end":{"line":436,"column":39}},"197":{"start":{"line":437,"column":19},"end":{"line":437,"column":34}},"198":{"start":{"line":438,"column":19},"end":{"line":438,"column":40}},"199":{"start":{"line":440,"column":6},"end":{"line":440,"column":22}},"200":{"start":{"line":442,"column":19},"end":{"line":442,"column":39}},"201":{"start":{"line":443,"column":17},"end":{"line":443,"column":32}},"202":{"start":{"line":444,"column":18},"end":{"line":444,"column":31}},"203":{"start":{"line":445,"column":19},"end":{"line":445,"column":38}},"204":{"start":{"line":446,"column":19},"end":{"line":446,"column":40}},"205":{"start":{"line":448,"column":6},"end":{"line":448,"column":22}},"206":{"start":{"line":449,"column":6},"end":{"line":449,"column":20}},"207":{"start":{"line":451,"column":19},"end":{"line":451,"column":37}},"208":{"start":{"line":452,"column":19},"end":{"line":452,"column":34}},"209":{"start":{"line":454,"column":6},"end":{"line":454,"column":22}},"210":{"start":{"line":455,"column":6},"end":{"line":455,"column":22}},"211":{"start":{"line":456,"column":6},"end":{"line":456,"column":22}},"212":{"start":{"line":458,"column":18},"end":{"line":458,"column":38}},"213":{"start":{"line":460,"column":6},"end":{"line":460,"column":54}},"214":{"start":{"line":461,"column":6},"end":{"line":461,"column":24}},"215":{"start":{"line":463,"column":6},"end":{"line":482,"column":9}},"216":{"start":{"line":464,"column":7},"end":{"line":464,"column":86}},"217":{"start":{"line":464,"column":68},"end":{"line":464,"column":82}},"218":{"start":{"line":465,"column":7},"end":{"line":465,"column":72}},"219":{"start":{"line":465,"column":54},"end":{"line":465,"column":68}},"220":{"start":{"line":467,"column":7},"end":{"line":472,"column":10}},"221":{"start":{"line":469,"column":24},"end":{"line":471,"column":48}},"222":{"start":{"line":474,"column":7},"end":{"line":479,"column":10}},"223":{"start":{"line":476,"column":24},"end":{"line":478,"column":119}},"224":{"start":{"line":481,"column":7},"end":{"line":481,"column":91}},"225":{"start":{"line":481,"column":59},"end":{"line":481,"column":74}},"226":{"start":{"line":484,"column":6},"end":{"line":484,"column":48}},"227":{"start":{"line":485,"column":6},"end":{"line":485,"column":35}},"228":{"start":{"line":494,"column":3},"end":{"line":494,"column":18}},"229":{"start":{"line":495,"column":3},"end":{"line":495,"column":29}},"230":{"start":{"line":498,"column":2},"end":{"line":509,"column":4}},"231":{"start":{"line":499,"column":9},"end":{"line":504,"column":5}},"232":{"start":{"line":500,"column":4},"end":{"line":503,"column":60}},"233":{"start":{"line":502,"column":21},"end":{"line":502,"column":69}},"234":{"start":{"line":503,"column":7},"end":{"line":503,"column":28}},"235":{"start":{"line":503,"column":34},"end":{"line":503,"column":60}},"236":{"start":{"line":512,"column":14},"end":{"line":512,"column":34}},"237":{"start":{"line":514,"column":1},"end":{"line":533,"column":3}},"238":{"start":{"line":515,"column":8},"end":{"line":527,"column":4}},"239":{"start":{"line":520,"column":4},"end":{"line":520,"column":13}},"240":{"start":{"line":522,"column":17},"end":{"line":522,"column":44}},"241":{"start":{"line":524,"column":4},"end":{"line":524,"column":31}},"242":{"start":{"line":535,"column":1},"end":{"line":535,"column":20}},"243":{"start":{"line":537,"column":17},"end":{"line":537,"column":40}},"244":{"start":{"line":538,"column":14},"end":{"line":538,"column":32}},"245":{"start":{"line":539,"column":14},"end":{"line":539,"column":29}},"246":{"start":{"line":540,"column":14},"end":{"line":540,"column":29}},"247":{"start":{"line":542,"column":1},"end":{"line":542,"column":17}},"248":{"start":{"line":544,"column":16},"end":{"line":544,"column":36}},"249":{"start":{"line":546,"column":1},"end":{"line":546,"column":17}},"250":{"start":{"line":548,"column":14},"end":{"line":548,"column":34}},"251":{"start":{"line":551,"column":21},"end":{"line":555,"column":3}},"252":{"start":{"line":552,"column":16},"end":{"line":552,"column":24}},"253":{"start":{"line":554,"column":3},"end":{"line":554,"column":30}},"254":{"start":{"line":557,"column":20},"end":{"line":761,"column":3}},"255":{"start":{"line":558,"column":16},"end":{"line":558,"column":25}},"256":{"start":{"line":560,"column":3},"end":{"line":757,"column":5}},"257":{"start":{"line":561,"column":10},"end":{"line":752,"column":5}},"258":{"start":{"line":565,"column":6},"end":{"line":566,"column":60}},"259":{"start":{"line":566,"column":22},"end":{"line":566,"column":59}},"260":{"start":{"line":570,"column":21},"end":{"line":570,"column":30}},"261":{"start":{"line":571,"column":19},"end":{"line":571,"column":36}},"262":{"start":{"line":574,"column":26},"end":{"line":648,"column":8}},"263":{"start":{"line":575,"column":25},"end":{"line":575,"column":34}},"264":{"start":{"line":576,"column":21},"end":{"line":576,"column":46}},"265":{"start":{"line":579,"column":18},"end":{"line":582,"column":11}},"266":{"start":{"line":580,"column":10},"end":{"line":581,"column":60}},"267":{"start":{"line":581,"column":26},"end":{"line":581,"column":59}},"268":{"start":{"line":584,"column":9},"end":{"line":600,"column":11}},"269":{"start":{"line":585,"column":16},"end":{"line":594,"column":12}},"270":{"start":{"line":588,"column":12},"end":{"line":588,"column":72}},"271":{"start":{"line":588,"column":48},"end":{"line":588,"column":69}},"272":{"start":{"line":592,"column":12},"end":{"line":592,"column":29}},"273":{"start":{"line":603,"column":21},"end":{"line":603,"column":41}},"274":{"start":{"line":604,"column":21},"end":{"line":604,"column":36}},"275":{"start":{"line":605,"column":21},"end":{"line":605,"column":42}},"276":{"start":{"line":607,"column":8},"end":{"line":607,"column":24}},"277":{"start":{"line":609,"column":21},"end":{"line":609,"column":41}},"278":{"start":{"line":610,"column":21},"end":{"line":610,"column":36}},"279":{"start":{"line":611,"column":22},"end":{"line":611,"column":43}},"280":{"start":{"line":613,"column":8},"end":{"line":613,"column":24}},"281":{"start":{"line":615,"column":21},"end":{"line":615,"column":41}},"282":{"start":{"line":618,"column":28},"end":{"line":625,"column":10}},"283":{"start":{"line":619,"column":23},"end":{"line":619,"column":32}},"284":{"start":{"line":620,"column":24},"end":{"line":620,"column":39}},"285":{"start":{"line":622,"column":10},"end":{"line":622,"column":26}},"286":{"start":{"line":623,"column":10},"end":{"line":623,"column":125}},"287":{"start":{"line":623,"column":34},"end":{"line":623,"column":123}},"288":{"start":{"line":623,"column":88},"end":{"line":623,"column":112}},"289":{"start":{"line":624,"column":10},"end":{"line":624,"column":37}},"290":{"start":{"line":627,"column":9},"end":{"line":635,"column":11}},"291":{"start":{"line":628,"column":16},"end":{"line":630,"column":12}},"292":{"start":{"line":629,"column":11},"end":{"line":629,"column":90}},"293":{"start":{"line":629,"column":44},"end":{"line":629,"column":63}},"294":{"start":{"line":629,"column":67},"end":{"line":629,"column":90}},"295":{"start":{"line":638,"column":8},"end":{"line":638,"column":24}},"296":{"start":{"line":639,"column":8},"end":{"line":639,"column":24}},"297":{"start":{"line":641,"column":8},"end":{"line":645,"column":11}},"298":{"start":{"line":642,"column":9},"end":{"line":642,"column":95}},"299":{"start":{"line":642,"column":71},"end":{"line":642,"column":91}},"300":{"start":{"line":643,"column":9},"end":{"line":643,"column":81}},"301":{"start":{"line":643,"column":57},"end":{"line":643,"column":77}},"302":{"start":{"line":644,"column":9},"end":{"line":644,"column":88}},"303":{"start":{"line":644,"column":58},"end":{"line":644,"column":84}},"304":{"start":{"line":647,"column":8},"end":{"line":647,"column":39}},"305":{"start":{"line":650,"column":25},"end":{"line":732,"column":8}},"306":{"start":{"line":651,"column":25},"end":{"line":651,"column":34}},"307":{"start":{"line":652,"column":21},"end":{"line":652,"column":46}},"308":{"start":{"line":653,"column":22},"end":{"line":653,"column":37}},"309":{"start":{"line":656,"column":28},"end":{"line":665,"column":10}},"310":{"start":{"line":657,"column":22},"end":{"line":657,"column":31}},"311":{"start":{"line":659,"column":10},"end":{"line":662,"column":13}},"312":{"start":{"line":660,"column":11},"end":{"line":660,"column":99}},"313":{"start":{"line":660,"column":70},"end":{"line":660,"column":95}},"314":{"start":{"line":661,"column":11},"end":{"line":661,"column":98}},"315":{"start":{"line":661,"column":70},"end":{"line":661,"column":94}},"316":{"start":{"line":664,"column":10},"end":{"line":664,"column":36}},"317":{"start":{"line":667,"column":27},"end":{"line":672,"column":10}},"318":{"start":{"line":668,"column":22},"end":{"line":668,"column":31}},"319":{"start":{"line":670,"column":10},"end":{"line":670,"column":51}},"320":{"start":{"line":671,"column":10},"end":{"line":671,"column":36}},"321":{"start":{"line":674,"column":9},"end":{"line":682,"column":11}},"322":{"start":{"line":675,"column":16},"end":{"line":677,"column":12}},"323":{"start":{"line":676,"column":11},"end":{"line":676,"column":128}},"324":{"start":{"line":676,"column":44},"end":{"line":676,"column":69}},"325":{"start":{"line":676,"column":73},"end":{"line":676,"column":96}},"326":{"start":{"line":676,"column":102},"end":{"line":676,"column":128}},"327":{"start":{"line":685,"column":8},"end":{"line":685,"column":24}},"328":{"start":{"line":687,"column":21},"end":{"line":687,"column":41}},"329":{"start":{"line":688,"column":21},"end":{"line":688,"column":36}},"330":{"start":{"line":689,"column":22},"end":{"line":689,"column":43}},"331":{"start":{"line":691,"column":8},"end":{"line":691,"column":24}},"332":{"start":{"line":693,"column":21},"end":{"line":693,"column":41}},"333":{"start":{"line":694,"column":21},"end":{"line":694,"column":36}},"334":{"start":{"line":695,"column":22},"end":{"line":695,"column":43}},"335":{"start":{"line":697,"column":8},"end":{"line":697,"column":24}},"336":{"start":{"line":699,"column":22},"end":{"line":699,"column":42}},"337":{"start":{"line":702,"column":28},"end":{"line":709,"column":10}},"338":{"start":{"line":703,"column":23},"end":{"line":703,"column":32}},"339":{"start":{"line":704,"column":24},"end":{"line":704,"column":39}},"340":{"start":{"line":706,"column":10},"end":{"line":706,"column":26}},"341":{"start":{"line":707,"column":10},"end":{"line":707,"column":131}},"342":{"start":{"line":707,"column":34},"end":{"line":707,"column":129}},"343":{"start":{"line":707,"column":88},"end":{"line":707,"column":113}},"344":{"start":{"line":708,"column":10},"end":{"line":708,"column":37}},"345":{"start":{"line":711,"column":9},"end":{"line":719,"column":11}},"346":{"start":{"line":712,"column":16},"end":{"line":714,"column":12}},"347":{"start":{"line":713,"column":11},"end":{"line":713,"column":96}},"348":{"start":{"line":713,"column":44},"end":{"line":713,"column":69}},"349":{"start":{"line":713,"column":73},"end":{"line":713,"column":96}},"350":{"start":{"line":722,"column":8},"end":{"line":722,"column":24}},"351":{"start":{"line":723,"column":8},"end":{"line":723,"column":24}},"352":{"start":{"line":725,"column":8},"end":{"line":729,"column":11}},"353":{"start":{"line":726,"column":9},"end":{"line":726,"column":99}},"354":{"start":{"line":726,"column":71},"end":{"line":726,"column":95}},"355":{"start":{"line":727,"column":9},"end":{"line":727,"column":86}},"356":{"start":{"line":727,"column":58},"end":{"line":727,"column":82}},"357":{"start":{"line":728,"column":9},"end":{"line":728,"column":92}},"358":{"start":{"line":728,"column":58},"end":{"line":728,"column":88}},"359":{"start":{"line":731,"column":8},"end":{"line":731,"column":39}},"360":{"start":{"line":734,"column":7},"end":{"line":742,"column":9}},"361":{"start":{"line":735,"column":14},"end":{"line":737,"column":10}},"362":{"start":{"line":736,"column":9},"end":{"line":736,"column":120}},"363":{"start":{"line":736,"column":42},"end":{"line":736,"column":61}},"364":{"start":{"line":736,"column":65},"end":{"line":736,"column":88}},"365":{"start":{"line":736,"column":94},"end":{"line":736,"column":120}},"366":{"start":{"line":745,"column":18},"end":{"line":745,"column":38}},"367":{"start":{"line":747,"column":6},"end":{"line":747,"column":54}},"368":{"start":{"line":748,"column":6},"end":{"line":748,"column":24}},"369":{"start":{"line":749,"column":6},"end":{"line":749,"column":52}},"370":{"start":{"line":750,"column":6},"end":{"line":750,"column":35}},"371":{"start":{"line":759,"column":3},"end":{"line":759,"column":19}},"372":{"start":{"line":760,"column":3},"end":{"line":760,"column":30}},"373":{"start":{"line":763,"column":2},"end":{"line":774,"column":4}},"374":{"start":{"line":764,"column":9},"end":{"line":769,"column":5}},"375":{"start":{"line":765,"column":4},"end":{"line":768,"column":62}},"376":{"start":{"line":767,"column":21},"end":{"line":767,"column":73}},"377":{"start":{"line":768,"column":7},"end":{"line":768,"column":30}},"378":{"start":{"line":768,"column":36},"end":{"line":768,"column":62}},"379":{"start":{"line":777,"column":1},"end":{"line":777,"column":20}},"380":{"start":{"line":779,"column":17},"end":{"line":779,"column":40}},"381":{"start":{"line":780,"column":14},"end":{"line":780,"column":32}},"382":{"start":{"line":781,"column":14},"end":{"line":781,"column":29}},"383":{"start":{"line":782,"column":15},"end":{"line":782,"column":30}},"384":{"start":{"line":784,"column":1},"end":{"line":784,"column":17}},"385":{"start":{"line":786,"column":16},"end":{"line":786,"column":36}},"386":{"start":{"line":788,"column":1},"end":{"line":788,"column":17}},"387":{"start":{"line":790,"column":15},"end":{"line":790,"column":35}},"388":{"start":{"line":793,"column":21},"end":{"line":797,"column":3}},"389":{"start":{"line":794,"column":16},"end":{"line":794,"column":25}},"390":{"start":{"line":796,"column":3},"end":{"line":796,"column":30}},"391":{"start":{"line":799,"column":20},"end":{"line":865,"column":3}},"392":{"start":{"line":800,"column":16},"end":{"line":800,"column":25}},"393":{"start":{"line":802,"column":3},"end":{"line":861,"column":5}},"394":{"start":{"line":803,"column":10},"end":{"line":856,"column":6}},"395":{"start":{"line":803,"column":34},"end":{"line":803,"column":58}},"396":{"start":{"line":804,"column":20},"end":{"line":804,"column":29}},"397":{"start":{"line":805,"column":19},"end":{"line":805,"column":36}},"398":{"start":{"line":808,"column":15},"end":{"line":808,"column":102}},"399":{"start":{"line":808,"column":43},"end":{"line":808,"column":100}},"400":{"start":{"line":808,"column":71},"end":{"line":808,"column":99}},"401":{"start":{"line":810,"column":6},"end":{"line":826,"column":8}},"402":{"start":{"line":811,"column":13},"end":{"line":820,"column":9}},"403":{"start":{"line":814,"column":9},"end":{"line":814,"column":64}},"404":{"start":{"line":814,"column":45},"end":{"line":814,"column":61}},"405":{"start":{"line":818,"column":9},"end":{"line":818,"column":26}},"406":{"start":{"line":829,"column":18},"end":{"line":829,"column":39}},"407":{"start":{"line":830,"column":18},"end":{"line":830,"column":33}},"408":{"start":{"line":831,"column":19},"end":{"line":831,"column":40}},"409":{"start":{"line":833,"column":5},"end":{"line":833,"column":21}},"410":{"start":{"line":835,"column":18},"end":{"line":835,"column":38}},"411":{"start":{"line":836,"column":18},"end":{"line":836,"column":33}},"412":{"start":{"line":837,"column":19},"end":{"line":837,"column":40}},"413":{"start":{"line":839,"column":5},"end":{"line":839,"column":21}},"414":{"start":{"line":840,"column":5},"end":{"line":840,"column":21}},"415":{"start":{"line":841,"column":5},"end":{"line":841,"column":21}},"416":{"start":{"line":843,"column":17},"end":{"line":843,"column":37}},"417":{"start":{"line":845,"column":5},"end":{"line":845,"column":53}},"418":{"start":{"line":846,"column":5},"end":{"line":846,"column":23}},"419":{"start":{"line":848,"column":5},"end":{"line":852,"column":8}},"420":{"start":{"line":849,"column":6},"end":{"line":849,"column":87}},"421":{"start":{"line":849,"column":68},"end":{"line":849,"column":83}},"422":{"start":{"line":850,"column":6},"end":{"line":850,"column":74}},"423":{"start":{"line":850,"column":55},"end":{"line":850,"column":70}},"424":{"start":{"line":851,"column":6},"end":{"line":851,"column":80}},"425":{"start":{"line":851,"column":55},"end":{"line":851,"column":76}},"426":{"start":{"line":854,"column":5},"end":{"line":854,"column":49}},"427":{"start":{"line":855,"column":5},"end":{"line":855,"column":34}},"428":{"start":{"line":863,"column":3},"end":{"line":863,"column":19}},"429":{"start":{"line":864,"column":3},"end":{"line":864,"column":30}},"430":{"start":{"line":867,"column":2},"end":{"line":878,"column":4}},"431":{"start":{"line":868,"column":9},"end":{"line":873,"column":5}},"432":{"start":{"line":869,"column":4},"end":{"line":872,"column":62}},"433":{"start":{"line":871,"column":21},"end":{"line":871,"column":71}},"434":{"start":{"line":872,"column":7},"end":{"line":872,"column":30}},"435":{"start":{"line":872,"column":36},"end":{"line":872,"column":62}},"436":{"start":{"line":881,"column":1},"end":{"line":881,"column":20}},"437":{"start":{"line":882,"column":1},"end":{"line":882,"column":14}},"438":{"start":{"line":884,"column":1},"end":{"line":891,"column":4}},"439":{"start":{"line":885,"column":2},"end":{"line":885,"column":82}},"440":{"start":{"line":885,"column":63},"end":{"line":885,"column":78}},"441":{"start":{"line":886,"column":2},"end":{"line":886,"column":85}},"442":{"start":{"line":886,"column":65},"end":{"line":886,"column":81}},"443":{"start":{"line":887,"column":2},"end":{"line":887,"column":68}},"444":{"start":{"line":888,"column":2},"end":{"line":888,"column":67}},"445":{"start":{"line":889,"column":2},"end":{"line":889,"column":57}},"446":{"start":{"line":890,"column":2},"end":{"line":890,"column":61}},"447":{"start":{"line":893,"column":1},"end":{"line":893,"column":40}},"448":{"start":{"line":894,"column":1},"end":{"line":894,"column":40}},"449":{"start":{"line":895,"column":1},"end":{"line":895,"column":43}},"450":{"start":{"line":896,"column":1},"end":{"line":896,"column":47}},"451":{"start":{"line":897,"column":1},"end":{"line":897,"column":45}},"452":{"start":{"line":898,"column":1},"end":{"line":898,"column":25}},"453":{"start":{"line":900,"column":13},"end":{"line":900,"column":29}},"454":{"start":{"line":902,"column":1},"end":{"line":902,"column":13}},"455":{"start":{"line":904,"column":1},"end":{"line":904,"column":14}}},"fnMap":{"0":{"name":"MainScreen","decl":{"start":{"line":97,"column":24},"end":{"line":97,"column":34}},"loc":{"start":{"line":97,"column":54},"end":{"line":905,"column":1}},"line":97},"1":{"name":"(anonymous_1)","decl":{"start":{"line":102,"column":27},"end":{"line":102,"column":28}},"loc":{"start":{"line":103,"column":2},"end":{"line":104,"column":62}},"line":103},"2":{"name":"(anonymous_2)","decl":{"start":{"line":107,"column":30},"end":{"line":107,"column":31}},"loc":{"start":{"line":108,"column":2},"end":{"line":109,"column":68}},"line":108},"3":{"name":"(anonymous_3)","decl":{"start":{"line":112,"column":34},"end":{"line":112,"column":35}},"loc":{"start":{"line":113,"column":2},"end":{"line":114,"column":76}},"line":113},"4":{"name":"(anonymous_4)","decl":{"start":{"line":117,"column":32},"end":{"line":117,"column":33}},"loc":{"start":{"line":118,"column":2},"end":{"line":119,"column":72}},"line":118},"5":{"name":"(anonymous_5)","decl":{"start":{"line":122,"column":31},"end":{"line":122,"column":32}},"loc":{"start":{"line":123,"column":2},"end":{"line":124,"column":70}},"line":123},"6":{"name":"(anonymous_6)","decl":{"start":{"line":127,"column":29},"end":{"line":127,"column":30}},"loc":{"start":{"line":128,"column":2},"end":{"line":129,"column":66}},"line":128},"7":{"name":"(anonymous_7)","decl":{"start":{"line":132,"column":33},"end":{"line":132,"column":34}},"loc":{"start":{"line":133,"column":2},"end":{"line":134,"column":74}},"line":133},"8":{"name":"(anonymous_8)","decl":{"start":{"line":154,"column":22},"end":{"line":154,"column":23}},"loc":{"start":{"line":154,"column":28},"end":{"line":154,"column":52}},"line":154},"9":{"name":"(anonymous_9)","decl":{"start":{"line":155,"column":27},"end":{"line":155,"column":28}},"loc":{"start":{"line":155,"column":33},"end":{"line":155,"column":62}},"line":155},"10":{"name":"(anonymous_10)","decl":{"start":{"line":156,"column":20},"end":{"line":156,"column":21}},"loc":{"start":{"line":156,"column":26},"end":{"line":156,"column":48}},"line":156},"11":{"name":"(anonymous_11)","decl":{"start":{"line":157,"column":23},"end":{"line":157,"column":24}},"loc":{"start":{"line":157,"column":29},"end":{"line":157,"column":54}},"line":157},"12":{"name":"(anonymous_12)","decl":{"start":{"line":158,"column":27},"end":{"line":158,"column":28}},"loc":{"start":{"line":158,"column":33},"end":{"line":158,"column":62}},"line":158},"13":{"name":"(anonymous_13)","decl":{"start":{"line":159,"column":25},"end":{"line":159,"column":26}},"loc":{"start":{"line":159,"column":31},"end":{"line":159,"column":58}},"line":159},"14":{"name":"(anonymous_14)","decl":{"start":{"line":160,"column":26},"end":{"line":160,"column":27}},"loc":{"start":{"line":160,"column":32},"end":{"line":160,"column":60}},"line":160},"15":{"name":"(anonymous_15)","decl":{"start":{"line":161,"column":29},"end":{"line":161,"column":30}},"loc":{"start":{"line":161,"column":35},"end":{"line":161,"column":66}},"line":161},"16":{"name":"(anonymous_16)","decl":{"start":{"line":165,"column":21},"end":{"line":165,"column":22}},"loc":{"start":{"line":165,"column":31},"end":{"line":171,"column":2}},"line":165},"17":{"name":"(anonymous_17)","decl":{"start":{"line":170,"column":31},"end":{"line":170,"column":32}},"loc":{"start":{"line":170,"column":38},"end":{"line":170,"column":42}},"line":170},"18":{"name":"(anonymous_18)","decl":{"start":{"line":186,"column":9},"end":{"line":186,"column":10}},"loc":{"start":{"line":186,"column":21},"end":{"line":205,"column":2}},"line":186},"19":{"name":"(anonymous_19)","decl":{"start":{"line":207,"column":21},"end":{"line":207,"column":22}},"loc":{"start":{"line":207,"column":28},"end":{"line":207,"column":47}},"line":207},"20":{"name":"(anonymous_20)","decl":{"start":{"line":207,"column":50},"end":{"line":207,"column":51}},"loc":{"start":{"line":207,"column":56},"end":{"line":209,"column":2}},"line":207},"21":{"name":"(anonymous_21)","decl":{"start":{"line":211,"column":21},"end":{"line":211,"column":22}},"loc":{"start":{"line":211,"column":28},"end":{"line":211,"column":50}},"line":211},"22":{"name":"(anonymous_22)","decl":{"start":{"line":211,"column":53},"end":{"line":211,"column":54}},"loc":{"start":{"line":211,"column":59},"end":{"line":213,"column":2}},"line":211},"23":{"name":"(anonymous_23)","decl":{"start":{"line":215,"column":21},"end":{"line":215,"column":22}},"loc":{"start":{"line":215,"column":28},"end":{"line":215,"column":54}},"line":215},"24":{"name":"(anonymous_24)","decl":{"start":{"line":215,"column":57},"end":{"line":215,"column":58}},"loc":{"start":{"line":215,"column":63},"end":{"line":217,"column":2}},"line":215},"25":{"name":"(anonymous_25)","decl":{"start":{"line":219,"column":21},"end":{"line":219,"column":22}},"loc":{"start":{"line":219,"column":28},"end":{"line":219,"column":52}},"line":219},"26":{"name":"(anonymous_26)","decl":{"start":{"line":219,"column":55},"end":{"line":219,"column":56}},"loc":{"start":{"line":219,"column":61},"end":{"line":221,"column":2}},"line":219},"27":{"name":"(anonymous_27)","decl":{"start":{"line":223,"column":21},"end":{"line":223,"column":22}},"loc":{"start":{"line":223,"column":28},"end":{"line":223,"column":51}},"line":223},"28":{"name":"(anonymous_28)","decl":{"start":{"line":223,"column":54},"end":{"line":223,"column":55}},"loc":{"start":{"line":223,"column":60},"end":{"line":236,"column":2}},"line":223},"29":{"name":"(anonymous_29)","decl":{"start":{"line":224,"column":64},"end":{"line":224,"column":65}},"loc":{"start":{"line":224,"column":74},"end":{"line":235,"column":3}},"line":224},"30":{"name":"(anonymous_30)","decl":{"start":{"line":242,"column":2},"end":{"line":242,"column":3}},"loc":{"start":{"line":242,"column":14},"end":{"line":244,"column":3}},"line":242},"31":{"name":"(anonymous_31)","decl":{"start":{"line":246,"column":2},"end":{"line":246,"column":3}},"loc":{"start":{"line":246,"column":21},"end":{"line":249,"column":3}},"line":246},"32":{"name":"(anonymous_32)","decl":{"start":{"line":251,"column":2},"end":{"line":251,"column":3}},"loc":{"start":{"line":251,"column":13},"end":{"line":253,"column":3}},"line":251},"33":{"name":"(anonymous_33)","decl":{"start":{"line":255,"column":2},"end":{"line":255,"column":3}},"loc":{"start":{"line":255,"column":20},"end":{"line":258,"column":3}},"line":255},"34":{"name":"(anonymous_34)","decl":{"start":{"line":274,"column":32},"end":{"line":274,"column":33}},"loc":{"start":{"line":275,"column":3},"end":{"line":276,"column":43}},"line":275},"35":{"name":"(anonymous_35)","decl":{"start":{"line":276,"column":13},"end":{"line":276,"column":14}},"loc":{"start":{"line":276,"column":19},"end":{"line":276,"column":42}},"line":276},"36":{"name":"(anonymous_36)","decl":{"start":{"line":279,"column":32},"end":{"line":279,"column":33}},"loc":{"start":{"line":280,"column":3},"end":{"line":281,"column":49}},"line":280},"37":{"name":"(anonymous_37)","decl":{"start":{"line":281,"column":13},"end":{"line":281,"column":14}},"loc":{"start":{"line":281,"column":19},"end":{"line":281,"column":48}},"line":281},"38":{"name":"(anonymous_38)","decl":{"start":{"line":285,"column":3},"end":{"line":285,"column":4}},"loc":{"start":{"line":285,"column":9},"end":{"line":294,"column":5}},"line":285},"39":{"name":"(anonymous_39)","decl":{"start":{"line":287,"column":4},"end":{"line":287,"column":5}},"loc":{"start":{"line":287,"column":14},"end":{"line":289,"column":5}},"line":287},"40":{"name":"(anonymous_40)","decl":{"start":{"line":291,"column":4},"end":{"line":291,"column":5}},"loc":{"start":{"line":291,"column":19},"end":{"line":293,"column":5}},"line":291},"41":{"name":"(anonymous_41)","decl":{"start":{"line":318,"column":2},"end":{"line":318,"column":3}},"loc":{"start":{"line":318,"column":8},"end":{"line":328,"column":4}},"line":318},"42":{"name":"(anonymous_42)","decl":{"start":{"line":321,"column":40},"end":{"line":321,"column":41}},"loc":{"start":{"line":321,"column":67},"end":{"line":326,"column":4}},"line":321},"43":{"name":"(anonymous_43)","decl":{"start":{"line":339,"column":2},"end":{"line":339,"column":3}},"loc":{"start":{"line":339,"column":8},"end":{"line":349,"column":4}},"line":339},"44":{"name":"(anonymous_44)","decl":{"start":{"line":342,"column":40},"end":{"line":342,"column":41}},"loc":{"start":{"line":342,"column":67},"end":{"line":347,"column":4}},"line":342},"45":{"name":"(anonymous_45)","decl":{"start":{"line":381,"column":19},"end":{"line":381,"column":20}},"loc":{"start":{"line":381,"column":33},"end":{"line":385,"column":3}},"line":381},"46":{"name":"(anonymous_46)","decl":{"start":{"line":387,"column":20},"end":{"line":387,"column":21}},"loc":{"start":{"line":387,"column":34},"end":{"line":496,"column":3}},"line":387},"47":{"name":"(anonymous_47)","decl":{"start":{"line":391,"column":4},"end":{"line":391,"column":5}},"loc":{"start":{"line":391,"column":10},"end":{"line":487,"column":5}},"line":391},"48":{"name":"(anonymous_48)","decl":{"start":{"line":394,"column":5},"end":{"line":394,"column":6}},"loc":{"start":{"line":395,"column":6},"end":{"line":396,"column":56}},"line":395},"49":{"name":"(anonymous_49)","decl":{"start":{"line":396,"column":16},"end":{"line":396,"column":17}},"loc":{"start":{"line":396,"column":22},"end":{"line":396,"column":55}},"line":396},"50":{"name":"(anonymous_50)","decl":{"start":{"line":399,"column":5},"end":{"line":399,"column":6}},"loc":{"start":{"line":399,"column":23},"end":{"line":486,"column":6}},"line":399},"51":{"name":"(anonymous_51)","decl":{"start":{"line":405,"column":26},"end":{"line":405,"column":27}},"loc":{"start":{"line":405,"column":40},"end":{"line":414,"column":8}},"line":405},"52":{"name":"(anonymous_52)","decl":{"start":{"line":408,"column":26},"end":{"line":408,"column":27}},"loc":{"start":{"line":408,"column":32},"end":{"line":411,"column":9}},"line":408},"53":{"name":"(anonymous_53)","decl":{"start":{"line":409,"column":59},"end":{"line":409,"column":60}},"loc":{"start":{"line":409,"column":65},"end":{"line":409,"column":80}},"line":409},"54":{"name":"(anonymous_54)","decl":{"start":{"line":410,"column":59},"end":{"line":410,"column":60}},"loc":{"start":{"line":410,"column":65},"end":{"line":410,"column":79}},"line":410},"55":{"name":"(anonymous_55)","decl":{"start":{"line":416,"column":23},"end":{"line":416,"column":24}},"loc":{"start":{"line":416,"column":37},"end":{"line":421,"column":8}},"line":416},"56":{"name":"(anonymous_56)","decl":{"start":{"line":424,"column":8},"end":{"line":424,"column":9}},"loc":{"start":{"line":424,"column":14},"end":{"line":426,"column":10}},"line":424},"57":{"name":"(anonymous_57)","decl":{"start":{"line":424,"column":27},"end":{"line":424,"column":28}},"loc":{"start":{"line":424,"column":41},"end":{"line":426,"column":9}},"line":424},"58":{"name":"(anonymous_58)","decl":{"start":{"line":425,"column":35},"end":{"line":425,"column":36}},"loc":{"start":{"line":425,"column":41},"end":{"line":425,"column":56}},"line":425},"59":{"name":"(anonymous_59)","decl":{"start":{"line":463,"column":24},"end":{"line":463,"column":25}},"loc":{"start":{"line":463,"column":30},"end":{"line":482,"column":7}},"line":463},"60":{"name":"(anonymous_60)","decl":{"start":{"line":464,"column":62},"end":{"line":464,"column":63}},"loc":{"start":{"line":464,"column":68},"end":{"line":464,"column":82}},"line":464},"61":{"name":"(anonymous_61)","decl":{"start":{"line":465,"column":48},"end":{"line":465,"column":49}},"loc":{"start":{"line":465,"column":54},"end":{"line":465,"column":68}},"line":465},"62":{"name":"(anonymous_62)","decl":{"start":{"line":469,"column":18},"end":{"line":469,"column":19}},"loc":{"start":{"line":469,"column":24},"end":{"line":471,"column":48}},"line":469},"63":{"name":"(anonymous_63)","decl":{"start":{"line":476,"column":18},"end":{"line":476,"column":19}},"loc":{"start":{"line":476,"column":24},"end":{"line":478,"column":119}},"line":476},"64":{"name":"(anonymous_64)","decl":{"start":{"line":481,"column":53},"end":{"line":481,"column":54}},"loc":{"start":{"line":481,"column":59},"end":{"line":481,"column":74}},"line":481},"65":{"name":"(anonymous_65)","decl":{"start":{"line":499,"column":3},"end":{"line":499,"column":4}},"loc":{"start":{"line":499,"column":9},"end":{"line":504,"column":5}},"line":499},"66":{"name":"(anonymous_66)","decl":{"start":{"line":499,"column":22},"end":{"line":499,"column":23}},"loc":{"start":{"line":499,"column":36},"end":{"line":504,"column":4}},"line":499},"67":{"name":"(anonymous_67)","decl":{"start":{"line":502,"column":15},"end":{"line":502,"column":16}},"loc":{"start":{"line":502,"column":21},"end":{"line":502,"column":69}},"line":502},"68":{"name":"(anonymous_68)","decl":{"start":{"line":515,"column":2},"end":{"line":515,"column":3}},"loc":{"start":{"line":515,"column":8},"end":{"line":527,"column":4}},"line":515},"69":{"name":"(anonymous_69)","decl":{"start":{"line":519,"column":40},"end":{"line":519,"column":41}},"loc":{"start":{"line":519,"column":67},"end":{"line":525,"column":4}},"line":519},"70":{"name":"(anonymous_70)","decl":{"start":{"line":551,"column":21},"end":{"line":551,"column":22}},"loc":{"start":{"line":551,"column":35},"end":{"line":555,"column":3}},"line":551},"71":{"name":"(anonymous_71)","decl":{"start":{"line":557,"column":20},"end":{"line":557,"column":21}},"loc":{"start":{"line":557,"column":34},"end":{"line":761,"column":3}},"line":557},"72":{"name":"(anonymous_72)","decl":{"start":{"line":561,"column":4},"end":{"line":561,"column":5}},"loc":{"start":{"line":561,"column":10},"end":{"line":752,"column":5}},"line":561},"73":{"name":"(anonymous_73)","decl":{"start":{"line":564,"column":5},"end":{"line":564,"column":6}},"loc":{"start":{"line":565,"column":6},"end":{"line":566,"column":60}},"line":565},"74":{"name":"(anonymous_74)","decl":{"start":{"line":566,"column":16},"end":{"line":566,"column":17}},"loc":{"start":{"line":566,"column":22},"end":{"line":566,"column":59}},"line":566},"75":{"name":"(anonymous_75)","decl":{"start":{"line":569,"column":5},"end":{"line":569,"column":6}},"loc":{"start":{"line":569,"column":24},"end":{"line":751,"column":6}},"line":569},"76":{"name":"(anonymous_76)","decl":{"start":{"line":574,"column":26},"end":{"line":574,"column":27}},"loc":{"start":{"line":574,"column":40},"end":{"line":648,"column":8}},"line":574},"77":{"name":"(anonymous_77)","decl":{"start":{"line":579,"column":39},"end":{"line":579,"column":40}},"loc":{"start":{"line":580,"column":10},"end":{"line":581,"column":60}},"line":580},"78":{"name":"(anonymous_78)","decl":{"start":{"line":581,"column":20},"end":{"line":581,"column":21}},"loc":{"start":{"line":581,"column":26},"end":{"line":581,"column":59}},"line":581},"79":{"name":"(anonymous_79)","decl":{"start":{"line":585,"column":10},"end":{"line":585,"column":11}},"loc":{"start":{"line":585,"column":16},"end":{"line":594,"column":12}},"line":585},"80":{"name":"(anonymous_80)","decl":{"start":{"line":587,"column":11},"end":{"line":587,"column":12}},"loc":{"start":{"line":587,"column":21},"end":{"line":589,"column":12}},"line":587},"81":{"name":"(anonymous_81)","decl":{"start":{"line":588,"column":42},"end":{"line":588,"column":43}},"loc":{"start":{"line":588,"column":48},"end":{"line":588,"column":69}},"line":588},"82":{"name":"(anonymous_82)","decl":{"start":{"line":591,"column":11},"end":{"line":591,"column":12}},"loc":{"start":{"line":591,"column":26},"end":{"line":593,"column":12}},"line":591},"83":{"name":"(anonymous_83)","decl":{"start":{"line":618,"column":28},"end":{"line":618,"column":29}},"loc":{"start":{"line":618,"column":42},"end":{"line":625,"column":10}},"line":618},"84":{"name":"(anonymous_84)","decl":{"start":{"line":623,"column":28},"end":{"line":623,"column":29}},"loc":{"start":{"line":623,"column":34},"end":{"line":623,"column":123}},"line":623},"85":{"name":"(anonymous_85)","decl":{"start":{"line":623,"column":82},"end":{"line":623,"column":83}},"loc":{"start":{"line":623,"column":88},"end":{"line":623,"column":112}},"line":623},"86":{"name":"(anonymous_86)","decl":{"start":{"line":628,"column":10},"end":{"line":628,"column":11}},"loc":{"start":{"line":628,"column":16},"end":{"line":630,"column":12}},"line":628},"87":{"name":"(anonymous_87)","decl":{"start":{"line":628,"column":29},"end":{"line":628,"column":30}},"loc":{"start":{"line":628,"column":43},"end":{"line":630,"column":11}},"line":628},"88":{"name":"(anonymous_88)","decl":{"start":{"line":629,"column":38},"end":{"line":629,"column":39}},"loc":{"start":{"line":629,"column":44},"end":{"line":629,"column":63}},"line":629},"89":{"name":"(anonymous_89)","decl":{"start":{"line":641,"column":26},"end":{"line":641,"column":27}},"loc":{"start":{"line":641,"column":32},"end":{"line":645,"column":9}},"line":641},"90":{"name":"(anonymous_90)","decl":{"start":{"line":642,"column":65},"end":{"line":642,"column":66}},"loc":{"start":{"line":642,"column":71},"end":{"line":642,"column":91}},"line":642},"91":{"name":"(anonymous_91)","decl":{"start":{"line":643,"column":51},"end":{"line":643,"column":52}},"loc":{"start":{"line":643,"column":57},"end":{"line":643,"column":77}},"line":643},"92":{"name":"(anonymous_92)","decl":{"start":{"line":644,"column":52},"end":{"line":644,"column":53}},"loc":{"start":{"line":644,"column":58},"end":{"line":644,"column":84}},"line":644},"93":{"name":"(anonymous_93)","decl":{"start":{"line":650,"column":25},"end":{"line":650,"column":26}},"loc":{"start":{"line":650,"column":39},"end":{"line":732,"column":8}},"line":650},"94":{"name":"(anonymous_94)","decl":{"start":{"line":656,"column":28},"end":{"line":656,"column":29}},"loc":{"start":{"line":656,"column":42},"end":{"line":665,"column":10}},"line":656},"95":{"name":"(anonymous_95)","decl":{"start":{"line":659,"column":28},"end":{"line":659,"column":29}},"loc":{"start":{"line":659,"column":34},"end":{"line":662,"column":11}},"line":659},"96":{"name":"(anonymous_96)","decl":{"start":{"line":660,"column":64},"end":{"line":660,"column":65}},"loc":{"start":{"line":660,"column":70},"end":{"line":660,"column":95}},"line":660},"97":{"name":"(anonymous_97)","decl":{"start":{"line":661,"column":64},"end":{"line":661,"column":65}},"loc":{"start":{"line":661,"column":70},"end":{"line":661,"column":94}},"line":661},"98":{"name":"(anonymous_98)","decl":{"start":{"line":667,"column":27},"end":{"line":667,"column":28}},"loc":{"start":{"line":667,"column":41},"end":{"line":672,"column":10}},"line":667},"99":{"name":"(anonymous_99)","decl":{"start":{"line":675,"column":10},"end":{"line":675,"column":11}},"loc":{"start":{"line":675,"column":16},"end":{"line":677,"column":12}},"line":675},"100":{"name":"(anonymous_100)","decl":{"start":{"line":675,"column":30},"end":{"line":675,"column":31}},"loc":{"start":{"line":675,"column":44},"end":{"line":677,"column":11}},"line":675},"101":{"name":"(anonymous_101)","decl":{"start":{"line":676,"column":38},"end":{"line":676,"column":39}},"loc":{"start":{"line":676,"column":44},"end":{"line":676,"column":69}},"line":676},"102":{"name":"(anonymous_102)","decl":{"start":{"line":702,"column":28},"end":{"line":702,"column":29}},"loc":{"start":{"line":702,"column":42},"end":{"line":709,"column":10}},"line":702},"103":{"name":"(anonymous_103)","decl":{"start":{"line":707,"column":28},"end":{"line":707,"column":29}},"loc":{"start":{"line":707,"column":34},"end":{"line":707,"column":129}},"line":707},"104":{"name":"(anonymous_104)","decl":{"start":{"line":707,"column":82},"end":{"line":707,"column":83}},"loc":{"start":{"line":707,"column":88},"end":{"line":707,"column":113}},"line":707},"105":{"name":"(anonymous_105)","decl":{"start":{"line":712,"column":10},"end":{"line":712,"column":11}},"loc":{"start":{"line":712,"column":16},"end":{"line":714,"column":12}},"line":712},"106":{"name":"(anonymous_106)","decl":{"start":{"line":712,"column":30},"end":{"line":712,"column":31}},"loc":{"start":{"line":712,"column":44},"end":{"line":714,"column":11}},"line":712},"107":{"name":"(anonymous_107)","decl":{"start":{"line":713,"column":38},"end":{"line":713,"column":39}},"loc":{"start":{"line":713,"column":44},"end":{"line":713,"column":69}},"line":713},"108":{"name":"(anonymous_108)","decl":{"start":{"line":725,"column":26},"end":{"line":725,"column":27}},"loc":{"start":{"line":725,"column":32},"end":{"line":729,"column":9}},"line":725},"109":{"name":"(anonymous_109)","decl":{"start":{"line":726,"column":65},"end":{"line":726,"column":66}},"loc":{"start":{"line":726,"column":71},"end":{"line":726,"column":95}},"line":726},"110":{"name":"(anonymous_110)","decl":{"start":{"line":727,"column":52},"end":{"line":727,"column":53}},"loc":{"start":{"line":727,"column":58},"end":{"line":727,"column":82}},"line":727},"111":{"name":"(anonymous_111)","decl":{"start":{"line":728,"column":52},"end":{"line":728,"column":53}},"loc":{"start":{"line":728,"column":58},"end":{"line":728,"column":88}},"line":728},"112":{"name":"(anonymous_112)","decl":{"start":{"line":735,"column":8},"end":{"line":735,"column":9}},"loc":{"start":{"line":735,"column":14},"end":{"line":737,"column":10}},"line":735},"113":{"name":"(anonymous_113)","decl":{"start":{"line":735,"column":27},"end":{"line":735,"column":28}},"loc":{"start":{"line":735,"column":41},"end":{"line":737,"column":9}},"line":735},"114":{"name":"(anonymous_114)","decl":{"start":{"line":736,"column":36},"end":{"line":736,"column":37}},"loc":{"start":{"line":736,"column":42},"end":{"line":736,"column":61}},"line":736},"115":{"name":"(anonymous_115)","decl":{"start":{"line":764,"column":3},"end":{"line":764,"column":4}},"loc":{"start":{"line":764,"column":9},"end":{"line":769,"column":5}},"line":764},"116":{"name":"(anonymous_116)","decl":{"start":{"line":764,"column":22},"end":{"line":764,"column":23}},"loc":{"start":{"line":764,"column":36},"end":{"line":769,"column":4}},"line":764},"117":{"name":"(anonymous_117)","decl":{"start":{"line":767,"column":15},"end":{"line":767,"column":16}},"loc":{"start":{"line":767,"column":21},"end":{"line":767,"column":73}},"line":767},"118":{"name":"(anonymous_118)","decl":{"start":{"line":793,"column":21},"end":{"line":793,"column":22}},"loc":{"start":{"line":793,"column":35},"end":{"line":797,"column":3}},"line":793},"119":{"name":"(anonymous_119)","decl":{"start":{"line":799,"column":20},"end":{"line":799,"column":21}},"loc":{"start":{"line":799,"column":34},"end":{"line":865,"column":3}},"line":799},"120":{"name":"(anonymous_120)","decl":{"start":{"line":803,"column":4},"end":{"line":803,"column":5}},"loc":{"start":{"line":803,"column":10},"end":{"line":856,"column":6}},"line":803},"121":{"name":"(anonymous_121)","decl":{"start":{"line":803,"column":28},"end":{"line":803,"column":29}},"loc":{"start":{"line":803,"column":34},"end":{"line":803,"column":58}},"line":803},"122":{"name":"(anonymous_122)","decl":{"start":{"line":803,"column":69},"end":{"line":803,"column":70}},"loc":{"start":{"line":803,"column":88},"end":{"line":856,"column":5}},"line":803},"123":{"name":"(anonymous_123)","decl":{"start":{"line":808,"column":36},"end":{"line":808,"column":37}},"loc":{"start":{"line":808,"column":43},"end":{"line":808,"column":100}},"line":808},"124":{"name":"(anonymous_124)","decl":{"start":{"line":808,"column":65},"end":{"line":808,"column":66}},"loc":{"start":{"line":808,"column":71},"end":{"line":808,"column":99}},"line":808},"125":{"name":"(anonymous_125)","decl":{"start":{"line":811,"column":7},"end":{"line":811,"column":8}},"loc":{"start":{"line":811,"column":13},"end":{"line":820,"column":9}},"line":811},"126":{"name":"(anonymous_126)","decl":{"start":{"line":813,"column":8},"end":{"line":813,"column":9}},"loc":{"start":{"line":813,"column":18},"end":{"line":815,"column":9}},"line":813},"127":{"name":"(anonymous_127)","decl":{"start":{"line":814,"column":39},"end":{"line":814,"column":40}},"loc":{"start":{"line":814,"column":45},"end":{"line":814,"column":61}},"line":814},"128":{"name":"(anonymous_128)","decl":{"start":{"line":817,"column":8},"end":{"line":817,"column":9}},"loc":{"start":{"line":817,"column":23},"end":{"line":819,"column":9}},"line":817},"129":{"name":"(anonymous_129)","decl":{"start":{"line":848,"column":23},"end":{"line":848,"column":24}},"loc":{"start":{"line":848,"column":29},"end":{"line":852,"column":6}},"line":848},"130":{"name":"(anonymous_130)","decl":{"start":{"line":849,"column":62},"end":{"line":849,"column":63}},"loc":{"start":{"line":849,"column":68},"end":{"line":849,"column":83}},"line":849},"131":{"name":"(anonymous_131)","decl":{"start":{"line":850,"column":49},"end":{"line":850,"column":50}},"loc":{"start":{"line":850,"column":55},"end":{"line":850,"column":70}},"line":850},"132":{"name":"(anonymous_132)","decl":{"start":{"line":851,"column":49},"end":{"line":851,"column":50}},"loc":{"start":{"line":851,"column":55},"end":{"line":851,"column":76}},"line":851},"133":{"name":"(anonymous_133)","decl":{"start":{"line":868,"column":3},"end":{"line":868,"column":4}},"loc":{"start":{"line":868,"column":9},"end":{"line":873,"column":5}},"line":868},"134":{"name":"(anonymous_134)","decl":{"start":{"line":868,"column":23},"end":{"line":868,"column":24}},"loc":{"start":{"line":868,"column":37},"end":{"line":873,"column":4}},"line":868},"135":{"name":"(anonymous_135)","decl":{"start":{"line":871,"column":15},"end":{"line":871,"column":16}},"loc":{"start":{"line":871,"column":21},"end":{"line":871,"column":71}},"line":871},"136":{"name":"(anonymous_136)","decl":{"start":{"line":884,"column":19},"end":{"line":884,"column":20}},"loc":{"start":{"line":884,"column":25},"end":{"line":891,"column":2}},"line":884},"137":{"name":"(anonymous_137)","decl":{"start":{"line":885,"column":57},"end":{"line":885,"column":58}},"loc":{"start":{"line":885,"column":63},"end":{"line":885,"column":78}},"line":885},"138":{"name":"(anonymous_138)","decl":{"start":{"line":886,"column":59},"end":{"line":886,"column":60}},"loc":{"start":{"line":886,"column":65},"end":{"line":886,"column":81}},"line":886}},"branchMap":{"0":{"loc":{"start":{"line":166,"column":2},"end":{"line":166,"column":41}},"type":"if","locations":[{"start":{"line":166,"column":2},"end":{"line":166,"column":41}},{"start":{},"end":{}}],"line":166},"1":{"loc":{"start":{"line":166,"column":6},"end":{"line":166,"column":27}},"type":"binary-expr","locations":[{"start":{"line":166,"column":6},"end":{"line":166,"column":11}},{"start":{"line":166,"column":15},"end":{"line":166,"column":27}}],"line":166},"2":{"loc":{"start":{"line":187,"column":2},"end":{"line":191,"column":3}},"type":"if","locations":[{"start":{"line":187,"column":2},"end":{"line":191,"column":3}},{"start":{},"end":{}}],"line":187},"3":{"loc":{"start":{"line":226,"column":17},"end":{"line":226,"column":58}},"type":"binary-expr","locations":[{"start":{"line":226,"column":17},"end":{"line":226,"column":29}},{"start":{"line":226,"column":33},"end":{"line":226,"column":52}},{"start":{"line":226,"column":56},"end":{"line":226,"column":58}}],"line":226},"4":{"loc":{"start":{"line":228,"column":17},"end":{"line":228,"column":58}},"type":"binary-expr","locations":[{"start":{"line":228,"column":17},"end":{"line":228,"column":29}},{"start":{"line":228,"column":33},"end":{"line":228,"column":52}},{"start":{"line":228,"column":56},"end":{"line":228,"column":58}}],"line":228},"5":{"loc":{"start":{"line":230,"column":3},"end":{"line":230,"column":34}},"type":"if","locations":[{"start":{"line":230,"column":3},"end":{"line":230,"column":34}},{"start":{},"end":{}}],"line":230},"6":{"loc":{"start":{"line":230,"column":7},"end":{"line":230,"column":23}},"type":"binary-expr","locations":[{"start":{"line":230,"column":7},"end":{"line":230,"column":13}},{"start":{"line":230,"column":17},"end":{"line":230,"column":23}}],"line":230},"7":{"loc":{"start":{"line":231,"column":3},"end":{"line":231,"column":24}},"type":"if","locations":[{"start":{"line":231,"column":3},"end":{"line":231,"column":24}},{"start":{},"end":{}}],"line":231},"8":{"loc":{"start":{"line":232,"column":3},"end":{"line":232,"column":25}},"type":"if","locations":[{"start":{"line":232,"column":3},"end":{"line":232,"column":25}},{"start":{},"end":{}}],"line":232},"9":{"loc":{"start":{"line":276,"column":19},"end":{"line":276,"column":42}},"type":"binary-expr","locations":[{"start":{"line":276,"column":19},"end":{"line":276,"column":36}},{"start":{"line":276,"column":40},"end":{"line":276,"column":42}}],"line":276},"10":{"loc":{"start":{"line":425,"column":9},"end":{"line":425,"column":113}},"type":"if","locations":[{"start":{"line":425,"column":9},"end":{"line":425,"column":113}},{"start":{"line":425,"column":89},"end":{"line":425,"column":113}}],"line":425},"11":{"loc":{"start":{"line":469,"column":24},"end":{"line":471,"column":48}},"type":"cond-expr","locations":[{"start":{"line":470,"column":11},"end":{"line":470,"column":46}},{"start":{"line":471,"column":11},"end":{"line":471,"column":48}}],"line":469},"12":{"loc":{"start":{"line":476,"column":24},"end":{"line":478,"column":119}},"type":"cond-expr","locations":[{"start":{"line":477,"column":11},"end":{"line":477,"column":23}},{"start":{"line":478,"column":11},"end":{"line":478,"column":119}}],"line":476},"13":{"loc":{"start":{"line":478,"column":11},"end":{"line":478,"column":119}},"type":"cond-expr","locations":[{"start":{"line":478,"column":66},"end":{"line":478,"column":98}},{"start":{"line":478,"column":101},"end":{"line":478,"column":119}}],"line":478},"14":{"loc":{"start":{"line":481,"column":31},"end":{"line":481,"column":82}},"type":"binary-expr","locations":[{"start":{"line":481,"column":32},"end":{"line":481,"column":75}},{"start":{"line":481,"column":80},"end":{"line":481,"column":82}}],"line":481},"15":{"loc":{"start":{"line":500,"column":4},"end":{"line":503,"column":60}},"type":"if","locations":[{"start":{"line":500,"column":4},"end":{"line":503,"column":60}},{"start":{"line":503,"column":34},"end":{"line":503,"column":60}}],"line":500},"16":{"loc":{"start":{"line":623,"column":59},"end":{"line":623,"column":120}},"type":"binary-expr","locations":[{"start":{"line":623,"column":60},"end":{"line":623,"column":113}},{"start":{"line":623,"column":118},"end":{"line":623,"column":120}}],"line":623},"17":{"loc":{"start":{"line":629,"column":11},"end":{"line":629,"column":90}},"type":"if","locations":[{"start":{"line":629,"column":11},"end":{"line":629,"column":90}},{"start":{},"end":{}}],"line":629},"18":{"loc":{"start":{"line":676,"column":11},"end":{"line":676,"column":128}},"type":"if","locations":[{"start":{"line":676,"column":11},"end":{"line":676,"column":128}},{"start":{"line":676,"column":102},"end":{"line":676,"column":128}}],"line":676},"19":{"loc":{"start":{"line":707,"column":59},"end":{"line":707,"column":121}},"type":"binary-expr","locations":[{"start":{"line":707,"column":60},"end":{"line":707,"column":114}},{"start":{"line":707,"column":119},"end":{"line":707,"column":121}}],"line":707},"20":{"loc":{"start":{"line":713,"column":11},"end":{"line":713,"column":96}},"type":"if","locations":[{"start":{"line":713,"column":11},"end":{"line":713,"column":96}},{"start":{},"end":{}}],"line":713},"21":{"loc":{"start":{"line":736,"column":9},"end":{"line":736,"column":120}},"type":"if","locations":[{"start":{"line":736,"column":9},"end":{"line":736,"column":120}},{"start":{"line":736,"column":94},"end":{"line":736,"column":120}}],"line":736},"22":{"loc":{"start":{"line":765,"column":4},"end":{"line":768,"column":62}},"type":"if","locations":[{"start":{"line":765,"column":4},"end":{"line":768,"column":62}},{"start":{"line":768,"column":36},"end":{"line":768,"column":62}}],"line":765},"23":{"loc":{"start":{"line":869,"column":4},"end":{"line":872,"column":62}},"type":"if","locations":[{"start":{"line":869,"column":4},"end":{"line":872,"column":62}},{"start":{"line":872,"column":36},"end":{"line":872,"column":62}}],"line":869},"24":{"loc":{"start":{"line":887,"column":42},"end":{"line":887,"column":63}},"type":"binary-expr","locations":[{"start":{"line":887,"column":42},"end":{"line":887,"column":57}},{"start":{"line":887,"column":61},"end":{"line":887,"column":63}}],"line":887},"25":{"loc":{"start":{"line":888,"column":39},"end":{"line":888,"column":62}},"type":"binary-expr","locations":[{"start":{"line":888,"column":39},"end":{"line":888,"column":56}},{"start":{"line":888,"column":60},"end":{"line":888,"column":62}}],"line":888},"26":{"loc":{"start":{"line":889,"column":34},"end":{"line":889,"column":52}},"type":"binary-expr","locations":[{"start":{"line":889,"column":34},"end":{"line":889,"column":46}},{"start":{"line":889,"column":50},"end":{"line":889,"column":52}}],"line":889},"27":{"loc":{"start":{"line":890,"column":37},"end":{"line":890,"column":56}},"type":"binary-expr","locations":[{"start":{"line":890,"column":37},"end":{"line":890,"column":50}},{"start":{"line":890,"column":54},"end":{"line":890,"column":56}}],"line":890}},"s":{"0":0,"1":0,"2":0,"3":0,"4":0,"5":0,"6":0,"7":0,"8":0,"9":0,"10":0,"11":0,"12":0,"13":0,"14":0,"15":0,"16":0,"17":0,"18":0,"19":0,"20":0,"21":0,"22":0,"23":0,"24":0,"25":0,"26":0,"27":0,"28":0,"29":0,"30":0,"31":0,"32":0,"33":0,"34":0,"35":0,"36":0,"37":0,"38":0,"39":0,"40":0,"41":0,"42":0,"43":0,"44":0,"45":0,"46":0,"47":0,"48":0,"49":0,"50":0,"51":0,"52":0,"53":0,"54":0,"55":0,"56":0,"57":0,"58":0,"59":0,"60":0,"61":0,"62":0,"63":0,"64":0,"65":0,"66":0,"67":0,"68":0,"69":0,"70":0,"71":0,"72":0,"73":0,"74":0,"75":0,"76":0,"77":0,"78":0,"79":0,"80":0,"81":0,"82":0,"83":0,"84":0,"85":0,"86":0,"87":0,"88":0,"89":0,"90":0,"91":0,"92":0,"93":0,"94":0,"95":0,"96":0,"97":0,"98":0,"99":0,"100":0,"101":0,"102":0,"103":0,"104":0,"105":0,"106":0,"107":0,"108":0,"109":0,"110":0,"111":0,"112":0,"113":0,"114":0,"115":0,"116":0,"117":0,"118":0,"119":0,"120":0,"121":0,"122":0,"123":0,"124":0,"125":0,"126":0,"127":0,"128":0,"129":0,"130":0,"131":0,"132":0,"133":0,"134":0,"135":0,"136":0,"137":0,"138":0,"139":0,"140":0,"141":0,"142":0,"143":0,"144":0,"145":0,"146":0,"147":0,"148":0,"149":0,"150":0,"151":0,"152":0,"153":0,"154":0,"155":0,"156":0,"157":0,"158":0,"159":0,"160":0,"161":0,"162":0,"163":0,"164":0,"165":0,"166":0,"167":0,"168":0,"169":0,"170":0,"171":0,"172":0,"173":0,"174":0,"175":0,"176":0,"177":0,"178":0,"179":0,"180":0,"181":0,"182":0,"183":0,"184":0,"185":0,"186":0,"187":0,"188":0,"189":0,"190":0,"191":0,"192":0,"193":0,"194":0,"195":0,"196":0,"197":0,"198":0,"199":0,"200":0,"201":0,"202":0,"203":0,"204":0,"205":0,"206":0,"207":0,"208":0,"209":0,"210":0,"211":0,"212":0,"213":0,"214":0,"215":0,"216":0,"217":0,"218":0,"219":0,"220":0,"221":0,"222":0,"223":0,"224":0,"225":0,"226":0,"227":0,"228":0,"229":0,"230":0,"231":0,"232":0,"233":0,"234":0,"235":0,"236":0,"237":0,"238":0,"239":0,"240":0,"241":0,"242":0,"243":0,"244":0,"245":0,"246":0,"247":0,"248":0,"249":0,"250":0,"251":0,"252":0,"253":0,"254":0,"255":0,"256":0,"257":0,"258":0,"259":0,"260":0,"261":0,"262":0,"263":0,"264":0,"265":0,"266":0,"267":0,"268":0,"269":0,"270":0,"271":0,"272":0,"273":0,"274":0,"275":0,"276":0,"277":0,"278":0,"279":0,"280":0,"281":0,"282":0,"283":0,"284":0,"285":0,"286":0,"287":0,"288":0,"289":0,"290":0,"291":0,"292":0,"293":0,"294":0,"295":0,"296":0,"297":0,"298":0,"299":0,"300":0,"301":0,"302":0,"303":0,"304":0,"305":0,"306":0,"307":0,"308":0,"309":0,"310":0,"311":0,"312":0,"313":0,"314":0,"315":0,"316":0,"317":0,"318":0,"319":0,"320":0,"321":0,"322":0,"323":0,"324":0,"325":0,"326":0,"327":0,"328":0,"329":0,"330":0,"331":0,"332":0,"333":0,"334":0,"335":0,"336":0,"337":0,"338":0,"339":0,"340":0,"341":0,"342":0,"343":0,"344":0,"345":0,"346":0,"347":0,"348":0,"349":0,"350":0,"351":0,"352":0,"353":0,"354":0,"355":0,"356":0,"357":0,"358":0,"359":0,"360":0,"361":0,"362":0,"363":0,"364":0,"365":0,"366":0,"367":0,"368":0,"369":0,"370":0,"371":0,"372":0,"373":0,"374":0,"375":0,"376":0,"377":0,"378":0,"379":0,"380":0,"381":0,"382":0,"383":0,"384":0,"385":0,"386":0,"387":0,"388":0,"389":0,"390":0,"391":0,"392":0,"393":0,"394":0,"395":0,"396":0,"397":0,"398":0,"399":0,"400":0,"401":0,"402":0,"403":0,"404":0,"405":0,"406":0,"407":0,"408":0,"409":0,"410":0,"411":0,"412":0,"413":0,"414":0,"415":0,"416":0,"417":0,"418":0,"419":0,"420":0,"421":0,"422":0,"423":0,"424":0,"425":0,"426":0,"427":0,"428":0,"429":0,"430":0,"431":0,"432":0,"433":0,"434":0,"435":0,"436":0,"437":0,"438":0,"439":0,"440":0,"441":0,"442":0,"443":0,"444":0,"445":0,"446":0,"447":0,"448":0,"449":0,"450":0,"451":0,"452":0,"453":0,"454":0,"455":0},"f":{"0":0,"1":0,"2":0,"3":0,"4":0,"5":0,"6":0,"7":0,"8":0,"9":0,"10":0,"11":0,"12":0,"13":0,"14":0,"15":0,"16":0,"17":0,"18":0,"19":0,"20":0,"21":0,"22":0,"23":0,"24":0,"25":0,"26":0,"27":0,"28":0,"29":0,"30":0,"31":0,"32":0,"33":0,"34":0,"35":0,"36":0,"37":0,"38":0,"39":0,"40":0,"41":0,"42":0,"43":0,"44":0,"45":0,"46":0,"47":0,"48":0,"49":0,"50":0,"51":0,"52":0,"53":0,"54":0,"55":0,"56":0,"57":0,"58":0,"59":0,"60":0,"61":0,"62":0,"63":0,"64":0,"65":0,"66":0,"67":0,"68":0,"69":0,"70":0,"71":0,"72":0,"73":0,"74":0,"75":0,"76":0,"77":0,"78":0,"79":0,"80":0,"81":0,"82":0,"83":0,"84":0,"85":0,"86":0,"87":0,"88":0,"89":0,"90":0,"91":0,"92":0,"93":0,"94":0,"95":0,"96":0,"97":0,"98":0,"99":0,"100":0,"101":0,"102":0,"103":0,"104":0,"105":0,"106":0,"107":0,"108":0,"109":0,"110":0,"111":0,"112":0,"113":0,"114":0,"115":0,"116":0,"117":0,"118":0,"119":0,"120":0,"121":0,"122":0,"123":0,"124":0,"125":0,"126":0,"127":0,"128":0,"129":0,"130":0,"131":0,"132":0,"133":0,"134":0,"135":0,"136":0,"137":0,"138":0},"b":{"0":[0,0],"1":[0,0],"2":[0,0],"3":[0,0,0],"4":[0,0,0],"5":[0,0],"6":[0,0],"7":[0,0],"8":[0,0],"9":[0,0],"10":[0,0],"11":[0,0],"12":[0,0],"13":[0,0],"14":[0,0],"15":[0,0],"16":[0,0],"17":[0,0],"18":[0,0],"19":[0,0],"20":[0,0],"21":[0,0],"22":[0,0],"23":[0,0],"24":[0,0],"25":[0,0],"26":[0,0],"27":[0,0]},"inputSourceMap":{"0":"{","1":"\"","2":"v","3":"e","4":"r","5":"s","6":"i","7":"o","8":"n","9":"\"","10":":","11":"3","12":",","13":"\"","14":"n","15":"a","16":"m","17":"e","18":"s","19":"\"","20":":","21":"[","22":"]","23":",","24":"\"","25":"s","26":"o","27":"u","28":"r","29":"c","30":"e","31":"s","32":"\"","33":":","34":"[","35":"\"","36":"M","37":"a","38":"i","39":"n","40":"S","41":"c","42":"r","43":"e","44":"e","45":"n","46":".","47":"s","48":"v","49":"e","50":"l","51":"t","52":"e","53":"\"","54":"]","55":",","56":"\"","57":"s","58":"o","59":"u","60":"r","61":"c","62":"e","63":"s","64":"C","65":"o","66":"n","67":"t","68":"e","69":"n","70":"t","71":"\"","72":":","73":"[","74":"\"","75":"<","76":"s","77":"c","78":"r","79":"i","80":"p","81":"t","82":">","83":"\\","84":"r","85":"\\","86":"n","87":" ","88":" ","89":" ","90":" ","91":"i","92":"m","93":"p","94":"o","95":"r","96":"t","97":" ","98":"{","99":" ","100":"c","101":"r","102":"e","103":"a","104":"t","105":"e","106":"E","107":"v","108":"e","109":"n","110":"t","111":"D","112":"i","113":"s","114":"p","115":"a","116":"t","117":"c","118":"h","119":"e","120":"r","121":",","122":" ","123":"o","124":"n","125":"M","126":"o","127":"u","128":"n","129":"t","130":" ","131":"}","132":" ","133":"f","134":"r","135":"o","136":"m","137":" ","138":"'","139":"s","140":"v","141":"e","142":"l","143":"t","144":"e","145":"'","146":";","147":"\\","148":"r","149":"\\","150":"n","151":" ","152":" ","153":" ","154":" ","155":"i","156":"m","157":"p","158":"o","159":"r","160":"t","161":" ","162":"A","163":"v","164":"a","165":"t","166":"a","167":"r","168":" ","169":"f","170":"r","171":"o","172":"m","173":" ","174":"'","175":".","176":".","177":"/","178":"u","179":"i","180":"/","181":"A","182":"v","183":"a","184":"t","185":"a","186":"r","187":".","188":"s","189":"v","190":"e","191":"l","192":"t","193":"e","194":"'","195":";","196":"\\","197":"r","198":"\\","199":"n","200":" ","201":" ","202":" ","203":" ","204":"i","205":"m","206":"p","207":"o","208":"r","209":"t","210":" ","211":"B","212":"u","213":"t","214":"t","215":"o","216":"n","217":" ","218":"f","219":"r","220":"o","221":"m","222":" ","223":"'","224":".","225":".","226":"/","227":"u","228":"i","229":"/","230":"B","231":"u","232":"t","233":"t","234":"o","235":"n","236":".","237":"s","238":"v","239":"e","240":"l","241":"t","242":"e","243":"'","244":";","245":"\\","246":"r","247":"\\","248":"n","249":"\\","250":"r","251":"\\","252":"n","253":" ","254":" ","255":" ","256":" ","257":"/","258":"/","259":" ","260":"i","261":"m","262":"p","263":"o","264":"r","265":"t","266":" ","267":"{","268":"\\","269":"r","270":"\\","271":"n","272":" ","273":" ","274":" ","275":" ","276":"/","277":"/","278":" ","279":" ","280":" ","281":" ","282":" ","283":"w","284":"i","285":"s","286":"h","287":"l","288":"i","289":"s","290":"t","291":"s","292":"S","293":"t","294":"o","295":"r","296":"e","297":",","298":"\\","299":"r","300":"\\","301":"n","302":" ","303":" ","304":" ","305":" ","306":"/","307":"/","308":" ","309":" ","310":" ","311":" ","312":" ","313":"w","314":"i","315":"s","316":"h","317":"e","318":"s","319":"S","320":"t","321":"o","322":"r","323":"e","324":",","325":"\\","326":"r","327":"\\","328":"n","329":" ","330":" ","331":" ","332":" ","333":"/","334":"/","335":" ","336":" ","337":" ","338":" ","339":" ","340":"s","341":"u","342":"b","343":"s","344":"c","345":"r","346":"i","347":"p","348":"t","349":"i","350":"o","351":"n","352":"s","353":"S","354":"t","355":"o","356":"r","357":"e","358":",","359":"\\","360":"r","361":"\\","362":"n","363":" ","364":" ","365":" ","366":" ","367":"/","368":"/","369":" ","370":" ","371":" ","372":" ","373":" ","374":"s","375":"u","376":"b","377":"s","378":"c","379":"r","380":"i","381":"b","382":"e","383":"r","384":"s","385":"S","386":"t","387":"o","388":"r","389":"e","390":"\\","391":"r","392":"\\","393":"n","394":" ","395":" ","396":" ","397":" ","398":"/","399":"/","400":" ","401":"}","402":" ","403":"f","404":"r","405":"o","406":"m","407":" ","408":"'","409":".","410":".","411":"/","412":".","413":".","414":"/","415":"s","416":"t","417":"o","418":"r","419":"e","420":"s","421":"/","422":"d","423":"a","424":"t","425":"a","426":".","427":"j","428":"s","429":"'","430":";","431":"\\","432":"r","433":"\\","434":"n","435":"\\","436":"r","437":"\\","438":"n","439":" ","440":" ","441":" ","442":" ","443":"i","444":"m","445":"p","446":"o","447":"r","448":"t","449":" ","450":"{","451":"\\","452":"r","453":"\\","454":"n","455":" ","456":" ","457":" ","458":" ","459":" ","460":" ","461":" ","462":" ","463":"m","464":"a","465":"i","466":"n","467":"W","468":"i","469":"s","470":"h","471":"l","472":"i","473":"s","474":"t","475":"s","476":"S","477":"t","478":"o","479":"r","480":"e","481":",","482":"\\","483":"r","484":"\\","485":"n","486":" ","487":" ","488":" ","489":" ","490":" ","491":" ","492":" ","493":" ","494":"m","495":"a","496":"i","497":"n","498":"S","499":"u","500":"b","501":"s","502":"c","503":"r","504":"i","505":"p","506":"t","507":"i","508":"o","509":"n","510":"s","511":"S","512":"t","513":"o","514":"r","515":"e","516":",","517":"\\","518":"r","519":"\\","520":"n","521":" ","522":" ","523":" ","524":" ","525":" ","526":" ","527":" ","528":" ","529":"m","530":"a","531":"i","532":"n","533":"S","534":"u","535":"b","536":"s","537":"c","538":"r","539":"i","540":"b","541":"e","542":"r","543":"s","544":"S","545":"t","546":"o","547":"r","548":"e","549":",","550":"\\","551":"r","552":"\\","553":"n","554":" ","555":" ","556":" ","557":" ","558":" ","559":" ","560":" ","561":" ","562":"t","563":"o","564":"t","565":"a","566":"l","567":"W","568":"i","569":"s","570":"h","571":"e","572":"s","573":"S","574":"t","575":"o","576":"r","577":"e","578":",","579":"\\","580":"r","581":"\\","582":"n","583":" ","584":" ","585":" ","586":" ","587":" ","588":" ","589":" ","590":" ","591":"t","592":"o","593":"t","594":"a","595":"l","596":"W","597":"i","598":"s","599":"h","600":"l","601":"i","602":"s","603":"t","604":"s","605":"S","606":"t","607":"o","608":"r","609":"e","610":",","611":"\\","612":"r","613":"\\","614":"n","615":" ","616":" ","617":" ","618":" ","619":" ","620":" ","621":" ","622":" ","623":"t","624":"o","625":"t","626":"a","627":"l","628":"S","629":"u","630":"b","631":"s","632":"c","633":"r","634":"i","635":"b","636":"e","637":"r","638":"s","639":"S","640":"t","641":"o","642":"r","643":"e","644":",","645":"\\","646":"r","647":"\\","648":"n","649":" ","650":" ","651":" ","652":" ","653":" ","654":" ","655":" ","656":" ","657":"t","658":"o","659":"t","660":"a","661":"l","662":"S","663":"u","664":"b","665":"s","666":"c","667":"r","668":"i","669":"p","670":"t","671":"i","672":"o","673":"n","674":"s","675":"S","676":"t","677":"o","678":"r","679":"e","680":",","681":"\\","682":"r","683":"\\","684":"n","685":" ","686":" ","687":" ","688":" ","689":" ","690":" ","691":" ","692":" ","693":"l","694":"o","695":"a","696":"d","697":"M","698":"a","699":"i","700":"n","701":"S","702":"c","703":"r","704":"e","705":"e","706":"n","707":"D","708":"a","709":"t","710":"a","711":"\\","712":"r","713":"\\","714":"n","715":" ","716":" ","717":" ","718":" ","719":"}","720":" ","721":"f","722":"r","723":"o","724":"m","725":" ","726":"'","727":".","728":".","729":"/","730":".","731":".","732":"/","733":".","734":".","735":"/","736":"t","737":"y","738":"p","739":"e","740":"s","741":"/","742":"m","743":"a","744":"i","745":"n","746":"S","747":"c","748":"r","749":"e","750":"e","751":"n","752":"D","753":"a","754":"t","755":"a","756":".","757":"t","758":"s","759":"'","760":";","761":"\\","762":"r","763":"\\","764":"n","765":"\\","766":"r","767":"\\","768":"n","769":" ","770":" ","771":" ","772":" ","773":"i","774":"m","775":"p","776":"o","777":"r","778":"t","779":" ","780":"{","781":" ","782":"w","783":"i","784":"s","785":"h","786":"e","787":"s","788":"S","789":"t","790":"o","791":"r","792":"e","793":" ","794":"}","795":" ","796":"f","797":"r","798":"o","799":"m","800":" ","801":"'","802":".","803":".","804":"/","805":".","806":".","807":"/","808":"s","809":"t","810":"o","811":"r","812":"e","813":"s","814":"/","815":"d","816":"a","817":"t","818":"a","819":".","820":"j","821":"s","822":"'","823":";","824":"\\","825":"r","826":"\\","827":"n","828":"\\","829":"r","830":"\\","831":"n","832":" ","833":" ","834":" ","835":" ","836":"e","837":"x","838":"p","839":"o","840":"r","841":"t","842":" ","843":"l","844":"e","845":"t","846":" ","847":"t","848":"o","849":"k","850":"e","851":"n","852":";","853":"\\","854":"r","855":"\\","856":"n","857":"\\","858":"r","859":"\\","860":"n","861":" ","862":" ","863":" ","864":" ","865":"e","866":"x","867":"p","868":"o","869":"r","870":"t","871":" ","872":"l","873":"e","874":"t","875":" ","876":"u","877":"s","878":"e","879":"r","880":";","881":"\\","882":"r","883":"\\","884":"n","885":"\\","886":"r","887":"\\","888":"n","889":" ","890":" ","891":" ","892":" ","893":"c","894":"o","895":"n","896":"s","897":"t","898":" ","899":"d","900":"i","901":"s","902":"p","903":"a","904":"t","905":"c","906":"h","907":" ","908":"=","909":" ","910":"c","911":"r","912":"e","913":"a","914":"t","915":"e","916":"E","917":"v","918":"e","919":"n","920":"t","921":"D","922":"i","923":"s","924":"p","925":"a","926":"t","927":"c","928":"h","929":"e","930":"r","931":"(","932":")","933":";","934":"\\","935":"r","936":"\\","937":"n","938":"\\","939":"r","940":"\\","941":"n","942":" ","943":" ","944":" ","945":" ","946":"c","947":"o","948":"n","949":"s","950":"t","951":" ","952":"o","953":"p","954":"e
[...]
,"23049":"E","23050":"C","23051":",","23052":"M","23053":"A","23054":"A","23055":"I","23056":",","23057":"W","23058":"A","23059":"D","23060":"R","23061":",","23062":"M","23063":"A","23064":"A","23065":"G","23066":";","23067":"8","23068":"B","23069":"A","23070":"C","23071":"C","23072":",","23073":"M","23074":"A","23075":"A","23076":"I","23077":";","23078":";","23079":"g","23080":"B","23081":"A","23082":"A","23083":"J","23084":",","23085":"M","23086":"A","23087":"A","23088":"I","23089":";","23090":";","23091":"g","23092":"C","23093":"A","23094":"A","23095":"J","23096":",","23097":"M","23098":"A","23099":"A","23100":"I","23101":";","23102":";","23103":";","23104":";","23105":"c","23106":"A","23107":"E","23108":"A","23109":",","23110":"M","23111":"A","23112":"A","23113":"I","23114":";","23115":"g","23116":"C","23117":"A","23118":"A","23119":"J","23120":",","23121":"M","23122":"A","23123":"A","23124":"I","23125":";","23126":";","23127":"k","23128":"B","23129":"A","23130":"A","23131":"J","23132":",","23133":"M","23134":"A","23135":"A","23136":"I","23137":";","23138":"k","23139":"E","23140":"A","23141":"p","23142":"C","23143":"q","23144":"B","23145":",","23146":"G","23147":"A","23148":"A","23149":"G","23150":",","23151":"y","23152":"B","23153":"A","23154":"o","23155":"C","23156":"n","23157":"B","23158":",","23159":"G","23160":"A","23161":"A","23162":"G","23163":",","23164":"E","23165":"A","23166":"A","23167":"C","23168":",","23169":"Q","23170":"A","23171":"A","23172":"Q","23173":",","23174":"C","23175":"A","23176":"A","23177":"C","23178":",","23179":"K","23180":"A","23181":"A","23182":"K","23183":";","23184":"6","23185":"B","23186":"A","23187":"A","23188":"3","23189":"B","23190":",","23191":"M","23192":"A","23193":"A","23194":"I","23195":";","23196":";","23197":";","23198":";","23199":";","23200":"s","23201":"B","23202":"A","23203":"p","23204":"C","23205":"q","23206":"B","23207":",","23208":"G","23209":"A","23210":"A","23211":"G","23212":",","23213":"y","23214":"B","23215":"A","23216":"m","23217":"C","23218":"5","23219":"B","23220":",","23221":"G","23222":"A","23223":"A","23224":"G","23225":",","23226":"E","23227":"A","23228":"A","23229":"C","23230":",","23231":"Q","23232":"A","23233":"A","23234":"Q","23235":",","23236":"C","23237":"A","23238":"A","23239":"C","23240":",","23241":"K","23242":"A","23243":"A","23244":"K","23245":";","23246":";","23247":";","23248":";","23249":";","23250":";","23251":";","23252":";","23253":";","23254":"g","23255":"B","23256":"A","23257":"F","23258":"1","23259":"B","23260":",","23261":"M","23262":"A","23263":"A","23264":"G","23265":";","23266":"g","23267":"B","23268":"A","23269":"F","23270":"P","23271":",","23272":"M","23273":"A","23274":"A","23275":"G","23276":";","23277":";","23278":";","23279":"y","23280":"B","23281":"A","23282":"C","23283":"C","23284":",","23285":"M","23286":"A","23287":"A","23288":"G","23289":",","23290":"k","23291":"B","23292":"A","23293":"h","23294":"C","23295":"8","23296":"B","23297":",","23298":"G","23299":"A","23300":"A","23301":"G","23302":",","23303":"y","23304":"B","23305":"A","23306":"g","23307":"C","23308":"P","23309":",","23310":"G","23311":"A","23312":"A","23313":"G","23314":",","23315":"E","23316":"A","23317":"A","23318":"C","23319":",","23320":"Q","23321":"A","23322":"A","23323":"Q","23324":",","23325":"C","23326":"A","23327":"A","23328":"C","23329":",","23330":"I","23331":"A","23332":"A","23333":"I","23334":";","23335":"o","23336":"C","23337":"A","23338":"h","23339":"C","23340":"b","23341":",","23342":"G","23343":"A","23344":"A","23345":"G","23346":",","23347":"y","23348":"B","23349":"A","23350":"g","23351":"C","23352":"a","23353":",","23354":"G","23355":"A","23356":"A","23357":"G","23358":",","23359":"E","23360":"A","23361":"A","23362":"C","23363":",","23364":"Q","23365":"A","23366":"A","23367":"Q","23368":",","23369":"C","23370":"A","23371":"A","23372":"C","23373":",","23374":"I","23375":"A","23376":"A","23377":"I","23378":";","23379":"o","23380":"C","23381":"A","23382":"h","23383":"C","23384":"j","23385":"C","23386":",","23387":"G","23388":"A","23389":"A","23390":"G","23391":",","23392":"y","23393":"B","23394":"A","23395":"k","23396":"C","23397":"1","23398":"B","23399":",","23400":"G","23401":"A","23402":"A","23403":"G","23404":",","23405":"E","23406":"A","23407":"A","23408":"C","23409":",","23410":"Q","23411":"A","23412":"A","23413":"Q","23414":",","23415":"C","23416":"A","23417":"A","23418":"C","23419":",","23420":"U","23421":"A","23422":"A","23423":"U","23424":";","23425":";","23426":";","23427":";","23428":";","23429":";","23430":";","23431":";","23432":"o","23433":"B","23434":"A","23435":"l","23436":"C","23437":"A","23438":",","23439":"G","23440":"A","23441":"A","23442":"G","23443":",","23444":"y","23445":"B","23446":"A","23447":"M","23448":"p","23449":"C","23450":",","23451":"G","23452":"A","23453":"A","23454":"G","23455":",","23456":"E","23457":"A","23458":"A","23459":"C","23460":",","23461":"Q","23462":"A","23463":"A","23464":"Q","23465":";","23466":";","23467":";","23468":";","23469":";","23470":";","23471":";","23472":";","23473":";","23474":"U","23475":"A","23476":"m","23477":"C","23478":"p","23479":"B","23480":",","23481":"K","23482":"A","23483":"A","23484":"G","23485":";","23486":";","23487":"s","23488":"B","23489":"A","23490":"A","23491":"H","23492":",","23493":"K","23494":"A","23495":"A","23496":"G","23497":",","23498":"S","23499":"A","23500":"E","23501":"K","23502":",","23503":"g","23504":"B","23505":"A","23506":"A","23507":"g","23508":"B","23509":";","23510":"c","23511":"A","23512":"1","23513":"C","23514":"x","23515":"B","23516":",","23517":"Q","23518":"A","23519":"A","23520":"M","23521":";","23522":"u","23523":"B","23524":"A","23525":"A","23526":"N","23527":",","23528":"Q","23529":"A","23530":"A","23531":"M","23532":",","23533":"E","23534":"A","23535":"G","23536":"W","23537":",","23538":"i","23539":"B","23540":"A","23541":"A","23542":"i","23543":"B","23544":";","23545":"y","23546":"B","23547":"A","23548":"H","23549":"l","23550":"C","23551":",","23552":"Q","23553":"A","23554":"A","23555":"M","23556":";","23557":";","23558":";","23559":";","23560":";","23561":";","23562":";","23563":";","23564":";","23565":"W","23566":"A","23567":"F","23568":"d","23569":",","23570":"M","23571":"A","23572":"A","23573":"G","23574":";","23575":"s","23576":"B","23577":"A","23578":"A","23579":"H","23580":",","23581":"M","23582":"A","23583":"A","23584":"G","23585":";","23586":";","23587":";","23588":";","23589":";","23590":";","23591":";","23592":"q","23593":"C","23594":"A","23595":"H","23596":"H","23597":",","23598":"u","23599":"B","23600":"A","23601":"A","23602":"u","23603":"B","23604":",","23605":"G","23606":"A","23607":"A","23608":"C","23609":",","23610":"M","23611":"A","23612":"A","23613":"M","23614":",","23615":"E","23616":"A","23617":"A","23618":"K","23619":",","23620":"C","23621":"A","23622":"A","23623":"C","23624":";","23625":";","23626":";","23627":";","23628":";","23629":";","23630":";","23631":";","23632":";","23633":";","23634":"S","23635":"A","23636":"R","23637":"5","23638":"C","23639":",","23640":"S","23641":"A","23642":"A","23643":"O","23644":";","23645":";","23646":"K","23647":"A","23648":"m","23649":"E","23650":"X","23651":",","23652":"S","23653":"A","23654":"A","23655":"O","23656":",","23657":"a","23658":"A","23659":"n","23660":"E","23661":"H","23662":",","23663":"S","23664":"A","23665":"A","23666":"O","23667":";","23668":"K","23669":"A","23670":"o","23671":"E","23672":"P","23673":",","23674":"M","23675":"A","23676":"A","23677":"G","23678":",","23679":"W","23680":"A","23681":"D","23682":"P","23683":",","23684":"S","23685":"A","23686":"A","23687":"O","23688":";","23689":"K","23690":"A","23691":"E","23692":"C","23693":",","23694":"M","23695":"A","23696":"A","23697":"G","23698":",","23699":"W","23700":"A","23701":"D","23702":"P","23703":",","23704":"M","23705":"A","23706":"A","23707":"G","23708":";","23709":"u","23710":"B","23711":"A","23712":"C","23713":"C","23714":",","23715":"M","23716":"A","23717":"A","23718":"G","23719":";","23720":";","23721":"S","23722":"A","23723":"A","23724":"H","23725":",","23726":"M","23727":"A","23728":"A","23729":"G","23730":";","23731":";","23732":"K","23733":"A","23734":"C","23735":"H","23736":",","23737":"Q","23738":"A","23739":"A","23740":"M","23741":",","23742":"a","23743":"A","23744":"D","23745":"N","23746":",","23747":"M","23748":"A","23749":"A","23750":"G","23751":";","23752":";","23753":"S","23754":"A","23755":"D","23756":"P","23757":",","23758":"M","23759":"A","23760":"A","23761":"G","23762":";","23763":";","23764":"y","23765":"B","23766":"A","23767":"A","23768":"H","23769":",","23770":"M","23771":"A","23772":"A","23773":"G","23774":";","23775":";","23776":";","23777":";","23778":"O","23779":"A","23780":"Q","23781":"C","23782":",","23783":"M","23784":"A","23785":"A","23786":"G","23787":";","23788":";","23789":"s","23790":"B","23791":"A","23792":"A","23793":"H","23794":",","23795":"M","23796":"A","23797":"A","23798":"G","23799":";","23800":";","23801":";","23802":";","23803":"O","23804":"A","23805":"E","23806":"H","23807":",","23808":"M","23809":"A","23810":"A","23811":"G","23812":";","23813":";","23814":";","23815":"i","23816":"B","23817":"A","23818":"A","23819":"H","23820":",","23821":"M","23822":"A","23823":"A","23824":"G","23825":",","23826":"i","23827":"B","23828":"A","23829":"C","23830":"O","23831":",","23832":"i","23833":"B","23834":"A","23835":"A","23836":"i","23837":"B","23838":",","23839":"u","23840":"B","23841":"A","23842":"A","23843":"I","23844":",","23845":"G","23846":"A","23847":"A","23848":"G","23849":";","23850":"S","23851":"A","23852":"C","23853":"1","23854":"B","23855":",","23856":"Q","23857":"A","23858":"A","23859":"M","23860":";","23861":"2","23862":"B","23863":"A","23864":"A","23865":"N","23866":",","23867":"Q","23868":"A","23869":"A","23870":"M","23871":";","23872":";","23873":";","23874":"i","23875":"D","23876":"A","23877":"D","23878":"i","23879":"B","23880":",","23881":"G","23882":"A","23883":"A","23884":"G","23885":",","23886":"m","23887":"B","23888":"A","23889":"S","23890":"L","23891":",","23892":"W","23893":"A","23894":"A","23895":"W","23896":",","23897":"O","23898":"A","23899":"A","23900":"C","23901":",","23902":"G","23903":"A","23904":"A","23905":"G","23906":",","23907":"E","23908":"A","23909":"A","23910":"C","23911":",","23912":"I","23913":"A","23914":"A","23915":"I","23916":";","23917":";","23918":";","23919":"a","23920":"A","23921":"H","23922":"r","23923":"C","23924":",","23925":"M","23926":"A","23927":"A","23928":"M","23929":";","23930":"c","23931":"A","23932":"C","23933":"O","23934":",","23935":"E","23936":"A","23937":"A","23938":"E","23939":";","23940":";","23941":"u","23942":"B","23943":"A","23944":"P","23945":"I","23946":",","23947":"G","23948":"A","23949":"A","23950":"G","23951":",","23952":"y","23953":"B","23954":"A","23955":"Q","23956":"V","23957":",","23958":"G","23959":"A","23960":"A","23961":"G","23962":",","23963":"E","23964":"A","23965":"A","23966":"C","23967":",","23968":"K","23969":"A","23970":"A","23971":"K","23972":";","23973":";","23974":";","23975":";","23976":";","23977":";","23978":";","23979":";","23980":";","23981":";","23982":";","23983":";","23984":";","23985":";","23986":";","23987":"S","23988":"A","23989":"G","23990":"r","23991":"B","23992":",","23993":"M","23994":"A","23995":"A","23996":"G","23997":";","23998":"S","23999":"A","24000":"C","24001":"C","24002":",","24003":"M","24004":"A","24005":"A","24006":"G","24007":",","24008":"W","24009":"A","24010":"D","24011":"P","24012":",","24013":"M","24014":"A","24015":"A","24016":"G","24017":";","24018":"2","24019":"B","24020":"A","24021":"C","24022":"C","24023":",","24024":"M","24025":"A","24026":"A","24027":"G","24028":";","24029":";","24030":"a","24031":"A","24032":"A","24033":"H","24034":",","24035":"M","24036":"A","24037":"A","24038":"G","24039":";","24040":";","24041":"S","24042":"A","24043":"C","24044":"H","24045":",","24046":"M","24047":"A","24048":"A","24049":"G","24050":",","24051":"a","24052":"A","24053":"D","24054":"H","24055":",","24056":"M","24057":"A","24058":"A","24059":"G","24060":";","24061":"S","24062":"A","24063":"E","24064":"C","24065":",","24066":"M","24067":"A","24068":"A","24069":"I","24070":",","24071":"W","24072":"A","24073":"D","24074":"R","24075":",","24076":"M","24077":"A","24078":"A","24079":"G","24080":";","24081":"2","24082":"B","24083":"A","24084":"C","24085":"C","24086":",","24087":"M","24088":"A","24089":"A","24090":"I","24091":";","24092":";","24093":"a","24094":"A","24095":"A","24096":"J","24097":",","24098":"M","24099":"A","24100":"A","24101":"I","24102":";","24103":"a","24104":"A","24105":"D","24106":"R","24107":",","24108":"M","24109":"A","24110":"A","24111":"G","24112":";","24113":"a","24114":"A","24115":"F","24116":"P","24117":",","24118":"M","24119":"A","24120":"A","24121":"G","24122":";","24123":";","24124":"S","24125":"A","24126":"M","24127":"H","24128":",","24129":"K","24130":"A","24131":"A","24132":"G","24133":",","24134":"a","24135":"A","24136":"N","24137":"H","24138":",","24139":"M","24140":"A","24141":"A","24142":"G","24143":";","24144":";","24145":"q","24146":"B","24147":"A","24148":"M","24149":"H","24150":",","24151":"K","24152":"A","24153":"A","24154":"G","24155":",","24156":"S","24157":"A","24158":"E","24159":"C","24160":",","24161":"g","24162":"B","24163":"A","24164":"A","24165":"g","24166":"B","24167":";","24168":"a","24169":"A","24170":"l","24171":"B","24172":"x","24173":"B","24174":",","24175":"Q","24176":"A","24177":"A","24178":"M","24179":";","24180":";","24181":";","24182":"s","24183":"B","24184":"A","24185":"W","24186":"E","24187":",","24188":"M","24189":"A","24190":"A","24191":"G","24192":",","24193":"k","24194":"B","24195":"A","24196":"Z","24197":"Y","24198":",","24199":"G","24200":"A","24201":"A","24202":"G","24203":",","24204":"y","24205":"B","24206":"A","24207":"Y","24208":"W","24209":",","24210":"G","24211":"A","24212":"A","24213":"G","24214":",","24215":"E","24216":"A","24217":"A","24218":"C","24219":",","24220":"I","24221":"A","24222":"A","24223":"I","24224":";","24225":"i","24226":"C","24227":"A","24228":"Z","24229":"t","24230":"B","24231":",","24232":"G","24233":"A","24234":"A","24235":"G","24236":",","24237":"y","24238":"B","24239":"A","24240":"Y","24241":"s","24242":"B","24243":",","24244":"G","24245":"A","24246":"A","24247":"G","24248":",","24249":"E","24250":"A","24251":"A","24252":"C","24253":",","24254":"I","24255":"A","24256":"A","24257":"I","24258":";","24259":"i","24260":"C","24261":"A","24262":"Z","24263":"j","24264":"C","24265":",","24266":"G","24267":"A","24268":"A","24269":"G","24270":",","24271":"y","24272":"B","24273":"A","24274":"c","24275":"R","24276":",","24277":"G","24278":"A","24279":"A","24280":"G","24281":",","24282":"E","24283":"A","24284":"A","24285":"C","24286":",","24287":"U","24288":"A","24289":"A","24290":"U","24291":";","24292":";","24293":";","24294":"s","24295":"B","24296":"A","24297":"b","24298":"h","24299":"C","24300":",","24301":"Q","24302":"A","24303":"A","24304":"M","24305":",","24306":"E","24307":"A","24308":"G","24309":"W","24310":",","24311":"e","24312":"A","24313":"A","24314":"e","24315":";","24316":"w","24317":"B","24318":"A","24319":"H","24320":"h","24321":"C","24322":",","24323":"Q","24324":"A","24325":"A","24326":"M","24327":";","24328":";","24329":";","24330":";","24331":";","24332":";","24333":";","24334":";","24335":"W","24336":"A","24337":"F","24338":"d","24339":",","24340":"M","24341":"A","24342":"A","24343":"G","24344":";","24345":"s","24346":"B","24347":"A","24348":"A","24349":"H","24350":",","24351":"M","24352":"A","24353":"A","24354":"G","24355":";","24356":";","24357":";","24358":";","24359":";","24360":";","24361":";","24362":"q","24363":"C","24364":"A","24365":"H","24366":"H","24367":",","24368":"q","24369":"B","24370":"A","24371":"A","24372":"q","24373":"B","24374":",","24375":"G","24376":"A","24377":"A","24378":"C","24379":",","24380":"M","24381":"A","24382":"A","24383":"M","24384":",","24385":"E","24386":"A","24387":"A","24388":"K","24389":",","24390":"C","24391":"A","24392":"A","24393":"C","24394":";","24395":";","24396":";","24397":";","24398":";","24399":";","24400":";","24401":";","24402":";","24403":";","24404":"S","24405":"A","24406":"R","24407":"1","24408":"C","24409":",","24410":"S","24411":"A","24412":"A","24413":"O","24414":";","24415":"S","24416":"A","24417":"l","24418":"K","24419":"X","24420":",","24421":"G","24422":"A","24423":"A","24424":"G","24425":";","24426":";","24427":";","24428":"s","24429":"C","24430":"A","24431":"j","24432":"F","24433":"W","24434":",","24435":"I","24436":"A","24437":"A","24438":"I","24439":",","24440":"q","24441":"B","24442":"A","24443":"8","24444":"F","24445":"w","24446":"B","24447":",","24448":"I","24449":"A","24450":"A","24451":"I","24452":",","24453":"G","24454":"A","24455":"A","24456":"C","24457":",","24458":"Q","24459":"A","24460":"A","24461":"Q","24462":";","24463":"w","24464":"C","24465":"A","24466":"9","24467":"F","24468":"z","24469":"C","24470":",","24471":"I","24472":"A","24473":"A","24474":"I","24475":",","24476":"q","24477":"B","24478":"A","24479":"+","24480":"F","24481":"y","24482":"B","24483":",","24484":"I","24485":"A","24486":"A","24487":"I","24488":",","24489":"G","24490":"A","24491":"A","24492":"C","24493":",","24494":"S","24495":"A","24496":"A","24497":"S","24498":";","24499":"g","24500":"D","24501":"A","24502":"e","24503":"3","24504":"B","24505":",","24506":"Q","24507":"A","24508":"A","24509":"Q","24510":";","24511":"6","24512":"C","24513":"A","24514":"O","24515":"K","24516":",","24517":"U","24518":"A","24519":"A","24520":"U","24521":";","24522":"w","24523":"C","24524":"A","24525":"6","24526":"D","24527":"X","24528":",","24529":"K","24530":"A","24531":"A","24532":"K","24533":";","24534":"2","24535":"C","24536":"A","24537":"m","24538":"E","24539":"P","24540":",","24541":"M","24542":"A","24543":"A","24544":"M","24545":";","24546":";","24547":";","24548":"k","24549":"B","24550":"A","24551":"j","24552":"K","24553":"t","24554":"C","24555":",","24556":"M","24557":"A","24558":"A","24559":"M","24560":",","24561":"E","24562":"A","24563":"A","24564":"0","24565":"C","24566":",","24567":"Y","24568":"A","24569":"A","24570":"Y","24571":";","24572":"k","24573":"B","24574":"A","24575":"y","24576":"B","24577":"5","24578":"D","24579":",","24580":"Q","24581":"A","24582":"A","24583":"M","24584":",","24585":"E","24586":"A","24587":"A","24588":"4","24589":"C","24590":",","24591":"U","24592":"A","24593":"A","24594":"U","24595":";","24596":"k","24597":"B","24598":"A","24599":"S","24600":"x","24601":"D","24602":",","24603":"Q","24604":"A","24605":"A","24606":"M","24607":",","24608":"E","24609":"A","24610":"A","24611":"2","24612":"C","24613":",","24614":"a","24615":"A","24616":"A","24617":"a","24618":";","24619":"k","24620":"B","24621":"A","24622":"6","24623":"D","24624":"1","24625":"D","24626":",","24627":"Q","24628":"A","24629":"A","24630":"M","24631":",","24632":"E","24633":"A","24634":"A","24635":"2","24636":"C","24637":",","24638":"i","24639":"B","24640":"A","24641":"A","24642":"i","24643":"B","24644":";","24645":"k","24646":"B","24647":"A","24648":"m","24649":"E","24650":"t","24651":"E","24652":",","24653":"Q","24654":"A","24655":"A","24656":"M","24657":",","24658":"E","24659":"A","24660":"A","24661":"2","24662":"C","24663":",","24664":"e","24665":"A","24666":"A","24667":"e","24668":";","24669":"o","24670":"B","24671":"A","24672":"r","24673":"K","24674":"5","24675":"E","24676":",","24677":"G","24678":"A","24679":"A","24680":"G","24681":";","24682":";","24683":";","24684":";","24685":";","24686":";","24687":";","24688":"A","24689":"A","24690":"J","24691":"I","24692":",","24693":"C","24694":"A","24695":"A","24696":"C","24697":"\"","24698":",","24699":"\"","24700":"i","24701":"g","24702":"n","24703":"o","24704":"r","24705":"e","24706":"L","24707":"i","24708":"s","24709":"t","24710":"\"","24711":":","24712":"[","24713":"]","24714":"}"}}
}
