TN:
SF:src\lib\components\screens\MainScreen.svelte
FN:97,MainScreen
FN:102,(anonymous_1)
FN:107,(anonymous_2)
FN:112,(anonymous_3)
FN:117,(anonymous_4)
FN:122,(anonymous_5)
FN:127,(anonymous_6)
FN:132,(anonymous_7)
FN:154,(anonymous_8)
FN:155,(anonymous_9)
FN:156,(anonymous_10)
FN:157,(anonymous_11)
FN:158,(anonymous_12)
FN:159,(anonymous_13)
FN:160,(anonymous_14)
FN:161,(anonymous_15)
FN:165,(anonymous_16)
FN:170,(anonymous_17)
FN:186,(anonymous_18)
FN:207,(anonymous_19)
FN:207,(anonymous_20)
FN:211,(anonymous_21)
FN:211,(anonymous_22)
FN:215,(anonymous_23)
FN:215,(anonymous_24)
FN:219,(anonymous_25)
FN:219,(anonymous_26)
FN:223,(anonymous_27)
FN:223,(anonymous_28)
FN:224,(anonymous_29)
FN:242,(anonymous_30)
FN:246,(anonymous_31)
FN:251,(anonymous_32)
FN:255,(anonymous_33)
FN:274,(anonymous_34)
FN:276,(anonymous_35)
FN:279,(anonymous_36)
FN:281,(anonymous_37)
FN:285,(anonymous_38)
FN:287,(anonymous_39)
FN:291,(anonymous_40)
FN:318,(anonymous_41)
FN:321,(anonymous_42)
FN:339,(anonymous_43)
FN:342,(anonymous_44)
FN:381,(anonymous_45)
FN:387,(anonymous_46)
FN:391,(anonymous_47)
FN:394,(anonymous_48)
FN:396,(anonymous_49)
FN:399,(anonymous_50)
FN:405,(anonymous_51)
FN:408,(anonymous_52)
FN:409,(anonymous_53)
FN:410,(anonymous_54)
FN:416,(anonymous_55)
FN:424,(anonymous_56)
FN:424,(anonymous_57)
FN:425,(anonymous_58)
FN:463,(anonymous_59)
FN:464,(anonymous_60)
FN:465,(anonymous_61)
FN:469,(anonymous_62)
FN:476,(anonymous_63)
FN:481,(anonymous_64)
FN:499,(anonymous_65)
FN:499,(anonymous_66)
FN:502,(anonymous_67)
FN:515,(anonymous_68)
FN:519,(anonymous_69)
FN:551,(anonymous_70)
FN:557,(anonymous_71)
FN:561,(anonymous_72)
FN:564,(anonymous_73)
FN:566,(anonymous_74)
FN:569,(anonymous_75)
FN:574,(anonymous_76)
FN:579,(anonymous_77)
FN:581,(anonymous_78)
FN:585,(anonymous_79)
FN:587,(anonymous_80)
FN:588,(anonymous_81)
FN:591,(anonymous_82)
FN:618,(anonymous_83)
FN:623,(anonymous_84)
FN:623,(anonymous_85)
FN:628,(anonymous_86)
FN:628,(anonymous_87)
FN:629,(anonymous_88)
FN:641,(anonymous_89)
FN:642,(anonymous_90)
FN:643,(anonymous_91)
FN:644,(anonymous_92)
FN:650,(anonymous_93)
FN:656,(anonymous_94)
FN:659,(anonymous_95)
FN:660,(anonymous_96)
FN:661,(anonymous_97)
FN:667,(anonymous_98)
FN:675,(anonymous_99)
FN:675,(anonymous_100)
FN:676,(anonymous_101)
FN:702,(anonymous_102)
FN:707,(anonymous_103)
FN:707,(anonymous_104)
FN:712,(anonymous_105)
FN:712,(anonymous_106)
FN:713,(anonymous_107)
FN:725,(anonymous_108)
FN:726,(anonymous_109)
FN:727,(anonymous_110)
FN:728,(anonymous_111)
FN:735,(anonymous_112)
FN:735,(anonymous_113)
FN:736,(anonymous_114)
FN:764,(anonymous_115)
FN:764,(anonymous_116)
FN:767,(anonymous_117)
FN:793,(anonymous_118)
FN:799,(anonymous_119)
FN:803,(anonymous_120)
FN:803,(anonymous_121)
FN:803,(anonymous_122)
FN:808,(anonymous_123)
FN:808,(anonymous_124)
FN:811,(anonymous_125)
FN:813,(anonymous_126)
FN:814,(anonymous_127)
FN:817,(anonymous_128)
FN:848,(anonymous_129)
FN:849,(anonymous_130)
FN:850,(anonymous_131)
FN:851,(anonymous_132)
FN:868,(anonymous_133)
FN:868,(anonymous_134)
FN:871,(anonymous_135)
FN:884,(anonymous_136)
FN:885,(anonymous_137)
FN:886,(anonymous_138)
FNF:139
FNH:0
FNDA:0,MainScreen
FNDA:0,(anonymous_1)
FNDA:0,(anonymous_2)
FNDA:0,(anonymous_3)
FNDA:0,(anonymous_4)
FNDA:0,(anonymous_5)
FNDA:0,(anonymous_6)
FNDA:0,(anonymous_7)
FNDA:0,(anonymous_8)
FNDA:0,(anonymous_9)
FNDA:0,(anonymous_10)
FNDA:0,(anonymous_11)
FNDA:0,(anonymous_12)
FNDA:0,(anonymous_13)
FNDA:0,(anonymous_14)
FNDA:0,(anonymous_15)
FNDA:0,(anonymous_16)
FNDA:0,(anonymous_17)
FNDA:0,(anonymous_18)
FNDA:0,(anonymous_19)
FNDA:0,(anonymous_20)
FNDA:0,(anonymous_21)
FNDA:0,(anonymous_22)
FNDA:0,(anonymous_23)
FNDA:0,(anonymous_24)
FNDA:0,(anonymous_25)
FNDA:0,(anonymous_26)
FNDA:0,(anonymous_27)
FNDA:0,(anonymous_28)
FNDA:0,(anonymous_29)
FNDA:0,(anonymous_30)
FNDA:0,(anonymous_31)
FNDA:0,(anonymous_32)
FNDA:0,(anonymous_33)
FNDA:0,(anonymous_34)
FNDA:0,(anonymous_35)
FNDA:0,(anonymous_36)
FNDA:0,(anonymous_37)
FNDA:0,(anonymous_38)
FNDA:0,(anonymous_39)
FNDA:0,(anonymous_40)
FNDA:0,(anonymous_41)
FNDA:0,(anonymous_42)
FNDA:0,(anonymous_43)
FNDA:0,(anonymous_44)
FNDA:0,(anonymous_45)
FNDA:0,(anonymous_46)
FNDA:0,(anonymous_47)
FNDA:0,(anonymous_48)
FNDA:0,(anonymous_49)
FNDA:0,(anonymous_50)
FNDA:0,(anonymous_51)
FNDA:0,(anonymous_52)
FNDA:0,(anonymous_53)
FNDA:0,(anonymous_54)
FNDA:0,(anonymous_55)
FNDA:0,(anonymous_56)
FNDA:0,(anonymous_57)
FNDA:0,(anonymous_58)
FNDA:0,(anonymous_59)
FNDA:0,(anonymous_60)
FNDA:0,(anonymous_61)
FNDA:0,(anonymous_62)
FNDA:0,(anonymous_63)
FNDA:0,(anonymous_64)
FNDA:0,(anonymous_65)
FNDA:0,(anonymous_66)
FNDA:0,(anonymous_67)
FNDA:0,(anonymous_68)
FNDA:0,(anonymous_69)
FNDA:0,(anonymous_70)
FNDA:0,(anonymous_71)
FNDA:0,(anonymous_72)
FNDA:0,(anonymous_73)
FNDA:0,(anonymous_74)
FNDA:0,(anonymous_75)
FNDA:0,(anonymous_76)
FNDA:0,(anonymous_77)
FNDA:0,(anonymous_78)
FNDA:0,(anonymous_79)
FNDA:0,(anonymous_80)
FNDA:0,(anonymous_81)
FNDA:0,(anonymous_82)
FNDA:0,(anonymous_83)
FNDA:0,(anonymous_84)
FNDA:0,(anonymous_85)
FNDA:0,(anonymous_86)
FNDA:0,(anonymous_87)
FNDA:0,(anonymous_88)
FNDA:0,(anonymous_89)
FNDA:0,(anonymous_90)
FNDA:0,(anonymous_91)
FNDA:0,(anonymous_92)
FNDA:0,(anonymous_93)
FNDA:0,(anonymous_94)
FNDA:0,(anonymous_95)
FNDA:0,(anonymous_96)
FNDA:0,(anonymous_97)
FNDA:0,(anonymous_98)
FNDA:0,(anonymous_99)
FNDA:0,(anonymous_100)
FNDA:0,(anonymous_101)
FNDA:0,(anonymous_102)
FNDA:0,(anonymous_103)
FNDA:0,(anonymous_104)
FNDA:0,(anonymous_105)
FNDA:0,(anonymous_106)
FNDA:0,(anonymous_107)
FNDA:0,(anonymous_108)
FNDA:0,(anonymous_109)
FNDA:0,(anonymous_110)
FNDA:0,(anonymous_111)
FNDA:0,(anonymous_112)
FNDA:0,(anonymous_113)
FNDA:0,(anonymous_114)
FNDA:0,(anonymous_115)
FNDA:0,(anonymous_116)
FNDA:0,(anonymous_117)
FNDA:0,(anonymous_118)
FNDA:0,(anonymous_119)
FNDA:0,(anonymous_120)
FNDA:0,(anonymous_121)
FNDA:0,(anonymous_122)
FNDA:0,(anonymous_123)
FNDA:0,(anonymous_124)
FNDA:0,(anonymous_125)
FNDA:0,(anonymous_126)
FNDA:0,(anonymous_127)
FNDA:0,(anonymous_128)
FNDA:0,(anonymous_129)
FNDA:0,(anonymous_130)
FNDA:0,(anonymous_131)
FNDA:0,(anonymous_132)
FNDA:0,(anonymous_133)
FNDA:0,(anonymous_134)
FNDA:0,(anonymous_135)
FNDA:0,(anonymous_136)
FNDA:0,(anonymous_137)
FNDA:0,(anonymous_138)
DA:4,0
DA:24,0
DA:25,0
DA:26,0
DA:27,0
DA:28,0
DA:30,0
DA:49,0
DA:50,0
DA:51,0
DA:52,0
DA:53,0
DA:54,0
DA:55,0
DA:56,0
DA:57,0
DA:58,0
DA:59,0
DA:61,0
DA:69,0
DA:71,0
DA:92,0
DA:98,0
DA:99,0
DA:100,0
DA:102,0
DA:103,0
DA:107,0
DA:108,0
DA:112,0
DA:113,0
DA:117,0
DA:118,0
DA:122,0
DA:123,0
DA:127,0
DA:128,0
DA:132,0
DA:133,0
DA:137,0
DA:138,0
DA:139,0
DA:140,0
DA:141,0
DA:142,0
DA:150,0
DA:152,0
DA:153,0
DA:154,0
DA:155,0
DA:156,0
DA:157,0
DA:158,0
DA:159,0
DA:160,0
DA:161,0
DA:162,0
DA:163,0
DA:165,0
DA:166,0
DA:168,0
DA:170,0
DA:186,0
DA:187,0
DA:188,0
DA:190,0
DA:193,0
DA:194,0
DA:196,0
DA:203,0
DA:207,0
DA:208,0
DA:211,0
DA:212,0
DA:215,0
DA:216,0
DA:219,0
DA:220,0
DA:223,0
DA:224,0
DA:226,0
DA:228,0
DA:230,0
DA:231,0
DA:232,0
DA:234,0
DA:238,0
DA:240,0
DA:243,0
DA:247,0
DA:248,0
DA:252,0
DA:256,0
DA:257,0
DA:261,0
DA:263,0
DA:264,0
DA:265,0
DA:267,0
DA:269,0
DA:270,0
DA:271,0
DA:274,0
DA:275,0
DA:276,0
DA:279,0
DA:280,0
DA:281,0
DA:284,0
DA:285,0
DA:288,0
DA:292,0
DA:303,0
DA:304,0
DA:305,0
DA:307,0
DA:309,0
DA:310,0
DA:312,0
DA:314,0
DA:315,0
DA:317,0
DA:318,0
DA:322,0
DA:324,0
DA:325,0
DA:336,0
DA:338,0
DA:339,0
DA:343,0
DA:345,0
DA:346,0
DA:357,0
DA:358,0
DA:359,0
DA:361,0
DA:362,0
DA:364,0
DA:365,0
DA:367,0
DA:368,0
DA:369,0
DA:370,0
DA:372,0
DA:374,0
DA:376,0
DA:378,0
DA:381,0
DA:382,0
DA:384,0
DA:387,0
DA:388,0
DA:390,0
DA:391,0
DA:395,0
DA:396,0
DA:400,0
DA:401,0
DA:402,0
DA:405,0
DA:406,0
DA:408,0
DA:409,0
DA:410,0
DA:413,0
DA:416,0
DA:417,0
DA:419,0
DA:420,0
DA:423,0
DA:424,0
DA:425,0
DA:434,0
DA:436,0
DA:437,0
DA:438,0
DA:440,0
DA:442,0
DA:443,0
DA:444,0
DA:445,0
DA:446,0
DA:448,0
DA:449,0
DA:451,0
DA:452,0
DA:454,0
DA:455,0
DA:456,0
DA:458,0
DA:460,0
DA:461,0
DA:463,0
DA:464,0
DA:465,0
DA:467,0
DA:469,0
DA:474,0
DA:476,0
DA:481,0
DA:484,0
DA:485,0
DA:494,0
DA:495,0
DA:498,0
DA:499,0
DA:500,0
DA:502,0
DA:503,0
DA:512,0
DA:514,0
DA:515,0
DA:520,0
DA:522,0
DA:524,0
DA:535,0
DA:537,0
DA:538,0
DA:539,0
DA:540,0
DA:542,0
DA:544,0
DA:546,0
DA:548,0
DA:551,0
DA:552,0
DA:554,0
DA:557,0
DA:558,0
DA:560,0
DA:561,0
DA:565,0
DA:566,0
DA:570,0
DA:571,0
DA:574,0
DA:575,0
DA:576,0
DA:579,0
DA:580,0
DA:581,0
DA:584,0
DA:585,0
DA:588,0
DA:592,0
DA:603,0
DA:604,0
DA:605,0
DA:607,0
DA:609,0
DA:610,0
DA:611,0
DA:613,0
DA:615,0
DA:618,0
DA:619,0
DA:620,0
DA:622,0
DA:623,0
DA:624,0
DA:627,0
DA:628,0
DA:629,0
DA:638,0
DA:639,0
DA:641,0
DA:642,0
DA:643,0
DA:644,0
DA:647,0
DA:650,0
DA:651,0
DA:652,0
DA:653,0
DA:656,0
DA:657,0
DA:659,0
DA:660,0
DA:661,0
DA:664,0
DA:667,0
DA:668,0
DA:670,0
DA:671,0
DA:674,0
DA:675,0
DA:676,0
DA:685,0
DA:687,0
DA:688,0
DA:689,0
DA:691,0
DA:693,0
DA:694,0
DA:695,0
DA:697,0
DA:699,0
DA:702,0
DA:703,0
DA:704,0
DA:706,0
DA:707,0
DA:708,0
DA:711,0
DA:712,0
DA:713,0
DA:722,0
DA:723,0
DA:725,0
DA:726,0
DA:727,0
DA:728,0
DA:731,0
DA:734,0
DA:735,0
DA:736,0
DA:745,0
DA:747,0
DA:748,0
DA:749,0
DA:750,0
DA:759,0
DA:760,0
DA:763,0
DA:764,0
DA:765,0
DA:767,0
DA:768,0
DA:777,0
DA:779,0
DA:780,0
DA:781,0
DA:782,0
DA:784,0
DA:786,0
DA:788,0
DA:790,0
DA:793,0
DA:794,0
DA:796,0
DA:799,0
DA:800,0
DA:802,0
DA:803,0
DA:804,0
DA:805,0
DA:808,0
DA:810,0
DA:811,0
DA:814,0
DA:818,0
DA:829,0
DA:830,0
DA:831,0
DA:833,0
DA:835,0
DA:836,0
DA:837,0
DA:839,0
DA:840,0
DA:841,0
DA:843,0
DA:845,0
DA:846,0
DA:848,0
DA:849,0
DA:850,0
DA:851,0
DA:854,0
DA:855,0
DA:863,0
DA:864,0
DA:867,0
DA:868,0
DA:869,0
DA:871,0
DA:872,0
DA:881,0
DA:882,0
DA:884,0
DA:885,0
DA:886,0
DA:887,0
DA:888,0
DA:889,0
DA:890,0
DA:893,0
DA:894,0
DA:895,0
DA:896,0
DA:897,0
DA:898,0
DA:900,0
DA:902,0
DA:904,0
LF:395
LH:0
BRDA:166,0,0,0
BRDA:166,0,1,0
BRDA:166,1,0,0
BRDA:166,1,1,0
BRDA:187,2,0,0
BRDA:187,2,1,0
BRDA:226,3,0,0
BRDA:226,3,1,0
BRDA:226,3,2,0
BRDA:228,4,0,0
BRDA:228,4,1,0
BRDA:228,4,2,0
BRDA:230,5,0,0
BRDA:230,5,1,0
BRDA:230,6,0,0
BRDA:230,6,1,0
BRDA:231,7,0,0
BRDA:231,7,1,0
BRDA:232,8,0,0
BRDA:232,8,1,0
BRDA:276,9,0,0
BRDA:276,9,1,0
BRDA:425,10,0,0
BRDA:425,10,1,0
BRDA:469,11,0,0
BRDA:469,11,1,0
BRDA:476,12,0,0
BRDA:476,12,1,0
BRDA:478,13,0,0
BRDA:478,13,1,0
BRDA:481,14,0,0
BRDA:481,14,1,0
BRDA:500,15,0,0
BRDA:500,15,1,0
BRDA:623,16,0,0
BRDA:623,16,1,0
BRDA:629,17,0,0
BRDA:629,17,1,0
BRDA:676,18,0,0
BRDA:676,18,1,0
BRDA:707,19,0,0
BRDA:707,19,1,0
BRDA:713,20,0,0
BRDA:713,20,1,0
BRDA:736,21,0,0
BRDA:736,21,1,0
BRDA:765,22,0,0
BRDA:765,22,1,0
BRDA:869,23,0,0
BRDA:869,23,1,0
BRDA:887,24,0,0
BRDA:887,24,1,0
BRDA:888,25,0,0
BRDA:888,25,1,0
BRDA:889,26,0,0
BRDA:889,26,1,0
BRDA:890,27,0,0
BRDA:890,27,1,0
BRF:58
BRH:0
end_of_record
